[2022-06-09 21:43:57] production.ERROR: Call to a member function getClientOriginalName() on null {"exception":"[object] (Symfony\\Component\\Debug\\Exception\\FatalThrowableError(code: 0): Call to a member function getClientOriginalName() on null at C:\\xampp\\htdocs\\IPUIE\\IPUIE_NEW\\ipuie_back\\app\\Http\\Controllers\\CursosController.php:68)
[stacktrace]
#0 [internal function]: App\\Http\\Controllers\\CursosController->store(Object(Illuminate\\Http\\Request))
#1 C:\\xampp\\htdocs\\IPUIE\\IPUIE_NEW\\ipuie_back\\vendor\\laravel\\framework\\src\\Illuminate\\Routing\\Controller.php(54): call_user_func_array(Array, Array)
#2 C:\\xampp\\htdocs\\IPUIE\\IPUIE_NEW\\ipuie_back\\vendor\\laravel\\framework\\src\\Illuminate\\Routing\\ControllerDispatcher.php(45): Illuminate\\Routing\\Controller->callAction('store', Array)
#3 C:\\xampp\\htdocs\\IPUIE\\IPUIE_NEW\\ipuie_back\\vendor\\laravel\\framework\\src\\Illuminate\\Routing\\Route.php(219): Illuminate\\Routing\\ControllerDispatcher->dispatch(Object(Illuminate\\Routing\\Route), Object(App\\Http\\Controllers\\CursosController), 'store')
#4 C:\\xampp\\htdocs\\IPUIE\\IPUIE_NEW\\ipuie_back\\vendor\\laravel\\framework\\src\\Illuminate\\Routing\\Route.php(176): Illuminate\\Routing\\Route->runController()
#5 C:\\xampp\\htdocs\\IPUIE\\IPUIE_NEW\\ipuie_back\\vendor\\laravel\\framework\\src\\Illuminate\\Routing\\Router.php(680): Illuminate\\Routing\\Route->run()
#6 C:\\xampp\\htdocs\\IPUIE\\IPUIE_NEW\\ipuie_back\\vendor\\laravel\\framework\\src\\Illuminate\\Routing\\Pipeline.php(30): Illuminate\\Routing\\Router->Illuminate\\Routing\\{closure}(Object(Illuminate\\Http\\Request))
#7 C:\\xampp\\htdocs\\IPUIE\\IPUIE_NEW\\ipuie_back\\app\\Http\\Middleware\\Cors.php(18): Illuminate\\Routing\\Pipeline->Illuminate\\Routing\\{closure}(Object(Illuminate\\Http\\Request))
#8 C:\\xampp\\htdocs\\IPUIE\\IPUIE_NEW\\ipuie_back\\vendor\\laravel\\framework\\src\\Illuminate\\Pipeline\\Pipeline.php(163): App\\Http\\Middleware\\Cors->handle(Object(Illuminate\\Http\\Request), Object(Closure))
#9 C:\\xampp\\htdocs\\IPUIE\\IPUIE_NEW\\ipuie_back\\vendor\\laravel\\framework\\src\\Illuminate\\Routing\\Pipeline.php(53): Illuminate\\Pipeline\\Pipeline->Illuminate\\Pipeline\\{closure}(Object(Illuminate\\Http\\Request))
#10 C:\\xampp\\htdocs\\IPUIE\\IPUIE_NEW\\ipuie_back\\vendor\\laravel\\framework\\src\\Illuminate\\Routing\\Middleware\\SubstituteBindings.php(41): Illuminate\\Routing\\Pipeline->Illuminate\\Routing\\{closure}(Object(Illuminate\\Http\\Request))
#11 C:\\xampp\\htdocs\\IPUIE\\IPUIE_NEW\\ipuie_back\\vendor\\laravel\\framework\\src\\Illuminate\\Pipeline\\Pipeline.php(163): Illuminate\\Routing\\Middleware\\SubstituteBindings->handle(Object(Illuminate\\Http\\Request), Object(Closure))
#12 C:\\xampp\\htdocs\\IPUIE\\IPUIE_NEW\\ipuie_back\\vendor\\laravel\\framework\\src\\Illuminate\\Routing\\Pipeline.php(53): Illuminate\\Pipeline\\Pipeline->Illuminate\\Pipeline\\{closure}(Object(Illuminate\\Http\\Request))
#13 C:\\xampp\\htdocs\\IPUIE\\IPUIE_NEW\\ipuie_back\\vendor\\laravel\\framework\\src\\Illuminate\\Routing\\Middleware\\ThrottleRequests.php(58): Illuminate\\Routing\\Pipeline->Illuminate\\Routing\\{closure}(Object(Illuminate\\Http\\Request))
#14 C:\\xampp\\htdocs\\IPUIE\\IPUIE_NEW\\ipuie_back\\vendor\\laravel\\framework\\src\\Illuminate\\Pipeline\\Pipeline.php(163): Illuminate\\Routing\\Middleware\\ThrottleRequests->handle(Object(Illuminate\\Http\\Request), Object(Closure), 500, '1')
#15 C:\\xampp\\htdocs\\IPUIE\\IPUIE_NEW\\ipuie_back\\vendor\\laravel\\framework\\src\\Illuminate\\Routing\\Pipeline.php(53): Illuminate\\Pipeline\\Pipeline->Illuminate\\Pipeline\\{closure}(Object(Illuminate\\Http\\Request))
#16 C:\\xampp\\htdocs\\IPUIE\\IPUIE_NEW\\ipuie_back\\vendor\\laravel\\framework\\src\\Illuminate\\Session\\Middleware\\StartSession.php(56): Illuminate\\Routing\\Pipeline->Illuminate\\Routing\\{closure}(Object(Illuminate\\Http\\Request))
#17 C:\\xampp\\htdocs\\IPUIE\\IPUIE_NEW\\ipuie_back\\vendor\\laravel\\framework\\src\\Illuminate\\Pipeline\\Pipeline.php(163): Illuminate\\Session\\Middleware\\StartSession->handle(Object(Illuminate\\Http\\Request), Object(Closure))
#18 C:\\xampp\\htdocs\\IPUIE\\IPUIE_NEW\\ipuie_back\\vendor\\laravel\\framework\\src\\Illuminate\\Routing\\Pipeline.php(53): Illuminate\\Pipeline\\Pipeline->Illuminate\\Pipeline\\{closure}(Object(Illuminate\\Http\\Request))
#19 C:\\xampp\\htdocs\\IPUIE\\IPUIE_NEW\\ipuie_back\\vendor\\laravel\\framework\\src\\Illuminate\\Cookie\\Middleware\\EncryptCookies.php(66): Illuminate\\Routing\\Pipeline->Illuminate\\Routing\\{closure}(Object(Illuminate\\Http\\Request))
#20 C:\\xampp\\htdocs\\IPUIE\\IPUIE_NEW\\ipuie_back\\vendor\\laravel\\framework\\src\\Illuminate\\Pipeline\\Pipeline.php(163): Illuminate\\Cookie\\Middleware\\EncryptCookies->handle(Object(Illuminate\\Http\\Request), Object(Closure))
#21 C:\\xampp\\htdocs\\IPUIE\\IPUIE_NEW\\ipuie_back\\vendor\\laravel\\framework\\src\\Illuminate\\Routing\\Pipeline.php(53): Illuminate\\Pipeline\\Pipeline->Illuminate\\Pipeline\\{closure}(Object(Illuminate\\Http\\Request))
#22 C:\\xampp\\htdocs\\IPUIE\\IPUIE_NEW\\ipuie_back\\vendor\\laravel\\framework\\src\\Illuminate\\Pipeline\\Pipeline.php(104): Illuminate\\Routing\\Pipeline->Illuminate\\Routing\\{closure}(Object(Illuminate\\Http\\Request))
#23 C:\\xampp\\htdocs\\IPUIE\\IPUIE_NEW\\ipuie_back\\vendor\\laravel\\framework\\src\\Illuminate\\Routing\\Router.php(682): Illuminate\\Pipeline\\Pipeline->then(Object(Closure))
#24 C:\\xampp\\htdocs\\IPUIE\\IPUIE_NEW\\ipuie_back\\vendor\\laravel\\framework\\src\\Illuminate\\Routing\\Router.php(657): Illuminate\\Routing\\Router->runRouteWithinStack(Object(Illuminate\\Routing\\Route), Object(Illuminate\\Http\\Request))
#25 C:\\xampp\\htdocs\\IPUIE\\IPUIE_NEW\\ipuie_back\\vendor\\laravel\\framework\\src\\Illuminate\\Routing\\Router.php(623): Illuminate\\Routing\\Router->runRoute(Object(Illuminate\\Http\\Request), Object(Illuminate\\Routing\\Route))
#26 C:\\xampp\\htdocs\\IPUIE\\IPUIE_NEW\\ipuie_back\\vendor\\laravel\\framework\\src\\Illuminate\\Routing\\Router.php(612): Illuminate\\Routing\\Router->dispatchToRoute(Object(Illuminate\\Http\\Request))
#27 C:\\xampp\\htdocs\\IPUIE\\IPUIE_NEW\\ipuie_back\\vendor\\laravel\\framework\\src\\Illuminate\\Foundation\\Http\\Kernel.php(176): Illuminate\\Routing\\Router->dispatch(Object(Illuminate\\Http\\Request))
#28 C:\\xampp\\htdocs\\IPUIE\\IPUIE_NEW\\ipuie_back\\vendor\\laravel\\framework\\src\\Illuminate\\Routing\\Pipeline.php(30): Illuminate\\Foundation\\Http\\Kernel->Illuminate\\Foundation\\Http\\{closure}(Object(Illuminate\\Http\\Request))
#29 C:\\xampp\\htdocs\\IPUIE\\IPUIE_NEW\\ipuie_back\\app\\Http\\Middleware\\Cors.php(18): Illuminate\\Routing\\Pipeline->Illuminate\\Routing\\{closure}(Object(Illuminate\\Http\\Request))
#30 C:\\xampp\\htdocs\\IPUIE\\IPUIE_NEW\\ipuie_back\\vendor\\laravel\\framework\\src\\Illuminate\\Pipeline\\Pipeline.php(163): App\\Http\\Middleware\\Cors->handle(Object(Illuminate\\Http\\Request), Object(Closure))
#31 C:\\xampp\\htdocs\\IPUIE\\IPUIE_NEW\\ipuie_back\\vendor\\laravel\\framework\\src\\Illuminate\\Routing\\Pipeline.php(53): Illuminate\\Pipeline\\Pipeline->Illuminate\\Pipeline\\{closure}(Object(Illuminate\\Http\\Request))
#32 C:\\xampp\\htdocs\\IPUIE\\IPUIE_NEW\\ipuie_back\\vendor\\fideloper\\proxy\\src\\TrustProxies.php(57): Illuminate\\Routing\\Pipeline->Illuminate\\Routing\\{closure}(Object(Illuminate\\Http\\Request))
#33 C:\\xampp\\htdocs\\IPUIE\\IPUIE_NEW\\ipuie_back\\vendor\\laravel\\framework\\src\\Illuminate\\Pipeline\\Pipeline.php(163): Fideloper\\Proxy\\TrustProxies->handle(Object(Illuminate\\Http\\Request), Object(Closure))
#34 C:\\xampp\\htdocs\\IPUIE\\IPUIE_NEW\\ipuie_back\\vendor\\laravel\\framework\\src\\Illuminate\\Routing\\Pipeline.php(53): Illuminate\\Pipeline\\Pipeline->Illuminate\\Pipeline\\{closure}(Object(Illuminate\\Http\\Request))
#35 C:\\xampp\\htdocs\\IPUIE\\IPUIE_NEW\\ipuie_back\\vendor\\laravel\\framework\\src\\Illuminate\\Foundation\\Http\\Middleware\\TransformsRequest.php(21): Illuminate\\Routing\\Pipeline->Illuminate\\Routing\\{closure}(Object(Illuminate\\Http\\Request))
#36 C:\\xampp\\htdocs\\IPUIE\\IPUIE_NEW\\ipuie_back\\vendor\\laravel\\framework\\src\\Illuminate\\Pipeline\\Pipeline.php(163): Illuminate\\Foundation\\Http\\Middleware\\TransformsRequest->handle(Object(Illuminate\\Http\\Request), Object(Closure))
#37 C:\\xampp\\htdocs\\IPUIE\\IPUIE_NEW\\ipuie_back\\vendor\\laravel\\framework\\src\\Illuminate\\Routing\\Pipeline.php(53): Illuminate\\Pipeline\\Pipeline->Illuminate\\Pipeline\\{closure}(Object(Illuminate\\Http\\Request))
#38 C:\\xampp\\htdocs\\IPUIE\\IPUIE_NEW\\ipuie_back\\vendor\\laravel\\framework\\src\\Illuminate\\Foundation\\Http\\Middleware\\TransformsRequest.php(21): Illuminate\\Routing\\Pipeline->Illuminate\\Routing\\{closure}(Object(Illuminate\\Http\\Request))
#39 C:\\xampp\\htdocs\\IPUIE\\IPUIE_NEW\\ipuie_back\\vendor\\laravel\\framework\\src\\Illuminate\\Pipeline\\Pipeline.php(163): Illuminate\\Foundation\\Http\\Middleware\\TransformsRequest->handle(Object(Illuminate\\Http\\Request), Object(Closure))
#40 C:\\xampp\\htdocs\\IPUIE\\IPUIE_NEW\\ipuie_back\\vendor\\laravel\\framework\\src\\Illuminate\\Routing\\Pipeline.php(53): Illuminate\\Pipeline\\Pipeline->Illuminate\\Pipeline\\{closure}(Object(Illuminate\\Http\\Request))
#41 C:\\xampp\\htdocs\\IPUIE\\IPUIE_NEW\\ipuie_back\\vendor\\laravel\\framework\\src\\Illuminate\\Foundation\\Http\\Middleware\\ValidatePostSize.php(27): Illuminate\\Routing\\Pipeline->Illuminate\\Routing\\{closure}(Object(Illuminate\\Http\\Request))
#42 C:\\xampp\\htdocs\\IPUIE\\IPUIE_NEW\\ipuie_back\\vendor\\laravel\\framework\\src\\Illuminate\\Pipeline\\Pipeline.php(163): Illuminate\\Foundation\\Http\\Middleware\\ValidatePostSize->handle(Object(Illuminate\\Http\\Request), Object(Closure))
#43 C:\\xampp\\htdocs\\IPUIE\\IPUIE_NEW\\ipuie_back\\vendor\\laravel\\framework\\src\\Illuminate\\Routing\\Pipeline.php(53): Illuminate\\Pipeline\\Pipeline->Illuminate\\Pipeline\\{closure}(Object(Illuminate\\Http\\Request))
#44 C:\\xampp\\htdocs\\IPUIE\\IPUIE_NEW\\ipuie_back\\vendor\\laravel\\framework\\src\\Illuminate\\Foundation\\Http\\Middleware\\CheckForMaintenanceMode.php(62): Illuminate\\Routing\\Pipeline->Illuminate\\Routing\\{closure}(Object(Illuminate\\Http\\Request))
#45 C:\\xampp\\htdocs\\IPUIE\\IPUIE_NEW\\ipuie_back\\vendor\\laravel\\framework\\src\\Illuminate\\Pipeline\\Pipeline.php(163): Illuminate\\Foundation\\Http\\Middleware\\CheckForMaintenanceMode->handle(Object(Illuminate\\Http\\Request), Object(Closure))
#46 C:\\xampp\\htdocs\\IPUIE\\IPUIE_NEW\\ipuie_back\\vendor\\laravel\\framework\\src\\Illuminate\\Routing\\Pipeline.php(53): Illuminate\\Pipeline\\Pipeline->Illuminate\\Pipeline\\{closure}(Object(Illuminate\\Http\\Request))
#47 C:\\xampp\\htdocs\\IPUIE\\IPUIE_NEW\\ipuie_back\\vendor\\laravel\\framework\\src\\Illuminate\\Pipeline\\Pipeline.php(104): Illuminate\\Routing\\Pipeline->Illuminate\\Routing\\{closure}(Object(Illuminate\\Http\\Request))
#48 C:\\xampp\\htdocs\\IPUIE\\IPUIE_NEW\\ipuie_back\\vendor\\laravel\\framework\\src\\Illuminate\\Foundation\\Http\\Kernel.php(151): Illuminate\\Pipeline\\Pipeline->then(Object(Closure))
#49 C:\\xampp\\htdocs\\IPUIE\\IPUIE_NEW\\ipuie_back\\vendor\\laravel\\framework\\src\\Illuminate\\Foundation\\Http\\Kernel.php(116): Illuminate\\Foundation\\Http\\Kernel->sendRequestThroughRouter(Object(Illuminate\\Http\\Request))
#50 C:\\xampp\\htdocs\\IPUIE\\IPUIE_NEW\\ipuie_back\\public\\index.php(55): Illuminate\\Foundation\\Http\\Kernel->handle(Object(Illuminate\\Http\\Request))
#51 C:\\xampp\\htdocs\\IPUIE\\IPUIE_NEW\\ipuie_back\\server.php(21): require_once('C:\\\\xampp\\\\htdocs...')
#52 {main}
"} 
[2022-06-09 21:54:33] production.ERROR: SQLSTATE[23000]: Integrity constraint violation: 1048 Column 'certificado' cannot be null (SQL: insert into `cur_cursos` (`titulo`, `subtitulo`, `capacitador`, `cant_horas`, `precio`, `descuento`, `certificado`, `requisitos`, `descripcion`, `aprender`, `img_portada`, `user`, `updated_at`, `created_at`) values (asdas, asdas, 1, 12, 12, 12, ?, asdas, asdasads, asda, 62a2b269a08b9Group 78 (1).png, 1, 2022-06-09 21:54:33, 2022-06-09 21:54:33)) {"exception":"[object] (Illuminate\\Database\\QueryException(code: 23000): SQLSTATE[23000]: Integrity constraint violation: 1048 Column 'certificado' cannot be null (SQL: insert into `cur_cursos` (`titulo`, `subtitulo`, `capacitador`, `cant_horas`, `precio`, `descuento`, `certificado`, `requisitos`, `descripcion`, `aprender`, `img_portada`, `user`, `updated_at`, `created_at`) values (asdas, asdas, 1, 12, 12, 12, ?, asdas, asdasads, asda, 62a2b269a08b9Group 78 (1).png, 1, 2022-06-09 21:54:33, 2022-06-09 21:54:33)) at C:\\xampp\\htdocs\\IPUIE\\IPUIE_NEW\\ipuie_back\\vendor\\laravel\\framework\\src\\Illuminate\\Database\\Connection.php:664, PDOException(code: 23000): SQLSTATE[23000]: Integrity constraint violation: 1048 Column 'certificado' cannot be null at C:\\xampp\\htdocs\\IPUIE\\IPUIE_NEW\\ipuie_back\\vendor\\laravel\\framework\\src\\Illuminate\\Database\\Connection.php:458)
[stacktrace]
#0 C:\\xampp\\htdocs\\IPUIE\\IPUIE_NEW\\ipuie_back\\vendor\\laravel\\framework\\src\\Illuminate\\Database\\Connection.php(624): Illuminate\\Database\\Connection->runQueryCallback('insert into `cu...', Array, Object(Closure))
#1 C:\\xampp\\htdocs\\IPUIE\\IPUIE_NEW\\ipuie_back\\vendor\\laravel\\framework\\src\\Illuminate\\Database\\Connection.php(459): Illuminate\\Database\\Connection->run('insert into `cu...', Array, Object(Closure))
#2 C:\\xampp\\htdocs\\IPUIE\\IPUIE_NEW\\ipuie_back\\vendor\\laravel\\framework\\src\\Illuminate\\Database\\Connection.php(411): Illuminate\\Database\\Connection->statement('insert into `cu...', Array)
#3 C:\\xampp\\htdocs\\IPUIE\\IPUIE_NEW\\ipuie_back\\vendor\\laravel\\framework\\src\\Illuminate\\Database\\Query\\Processors\\Processor.php(32): Illuminate\\Database\\Connection->insert('insert into `cu...', Array)
#4 C:\\xampp\\htdocs\\IPUIE\\IPUIE_NEW\\ipuie_back\\vendor\\laravel\\framework\\src\\Illuminate\\Database\\Query\\Builder.php(2690): Illuminate\\Database\\Query\\Processors\\Processor->processInsertGetId(Object(Illuminate\\Database\\Query\\Builder), 'insert into `cu...', Array, 'id_curso')
#5 C:\\xampp\\htdocs\\IPUIE\\IPUIE_NEW\\ipuie_back\\vendor\\laravel\\framework\\src\\Illuminate\\Database\\Eloquent\\Builder.php(1353): Illuminate\\Database\\Query\\Builder->insertGetId(Array, 'id_curso')
#6 C:\\xampp\\htdocs\\IPUIE\\IPUIE_NEW\\ipuie_back\\vendor\\laravel\\framework\\src\\Illuminate\\Database\\Eloquent\\Model.php(839): Illuminate\\Database\\Eloquent\\Builder->__call('insertGetId', Array)
#7 C:\\xampp\\htdocs\\IPUIE\\IPUIE_NEW\\ipuie_back\\vendor\\laravel\\framework\\src\\Illuminate\\Database\\Eloquent\\Model.php(804): Illuminate\\Database\\Eloquent\\Model->insertAndSetId(Object(Illuminate\\Database\\Eloquent\\Builder), Array)
#8 C:\\xampp\\htdocs\\IPUIE\\IPUIE_NEW\\ipuie_back\\vendor\\laravel\\framework\\src\\Illuminate\\Database\\Eloquent\\Model.php(667): Illuminate\\Database\\Eloquent\\Model->performInsert(Object(Illuminate\\Database\\Eloquent\\Builder))
#9 C:\\xampp\\htdocs\\IPUIE\\IPUIE_NEW\\ipuie_back\\app\\Http\\Controllers\\CursosController.php(84): Illuminate\\Database\\Eloquent\\Model->save()
#10 [internal function]: App\\Http\\Controllers\\CursosController->store(Object(Illuminate\\Http\\Request))
#11 C:\\xampp\\htdocs\\IPUIE\\IPUIE_NEW\\ipuie_back\\vendor\\laravel\\framework\\src\\Illuminate\\Routing\\Controller.php(54): call_user_func_array(Array, Array)
#12 C:\\xampp\\htdocs\\IPUIE\\IPUIE_NEW\\ipuie_back\\vendor\\laravel\\framework\\src\\Illuminate\\Routing\\ControllerDispatcher.php(45): Illuminate\\Routing\\Controller->callAction('store', Array)
#13 C:\\xampp\\htdocs\\IPUIE\\IPUIE_NEW\\ipuie_back\\vendor\\laravel\\framework\\src\\Illuminate\\Routing\\Route.php(219): Illuminate\\Routing\\ControllerDispatcher->dispatch(Object(Illuminate\\Routing\\Route), Object(App\\Http\\Controllers\\CursosController), 'store')
#14 C:\\xampp\\htdocs\\IPUIE\\IPUIE_NEW\\ipuie_back\\vendor\\laravel\\framework\\src\\Illuminate\\Routing\\Route.php(176): Illuminate\\Routing\\Route->runController()
#15 C:\\xampp\\htdocs\\IPUIE\\IPUIE_NEW\\ipuie_back\\vendor\\laravel\\framework\\src\\Illuminate\\Routing\\Router.php(680): Illuminate\\Routing\\Route->run()
#16 C:\\xampp\\htdocs\\IPUIE\\IPUIE_NEW\\ipuie_back\\vendor\\laravel\\framework\\src\\Illuminate\\Routing\\Pipeline.php(30): Illuminate\\Routing\\Router->Illuminate\\Routing\\{closure}(Object(Illuminate\\Http\\Request))
#17 C:\\xampp\\htdocs\\IPUIE\\IPUIE_NEW\\ipuie_back\\app\\Http\\Middleware\\Cors.php(18): Illuminate\\Routing\\Pipeline->Illuminate\\Routing\\{closure}(Object(Illuminate\\Http\\Request))
#18 C:\\xampp\\htdocs\\IPUIE\\IPUIE_NEW\\ipuie_back\\vendor\\laravel\\framework\\src\\Illuminate\\Pipeline\\Pipeline.php(163): App\\Http\\Middleware\\Cors->handle(Object(Illuminate\\Http\\Request), Object(Closure))
#19 C:\\xampp\\htdocs\\IPUIE\\IPUIE_NEW\\ipuie_back\\vendor\\laravel\\framework\\src\\Illuminate\\Routing\\Pipeline.php(53): Illuminate\\Pipeline\\Pipeline->Illuminate\\Pipeline\\{closure}(Object(Illuminate\\Http\\Request))
#20 C:\\xampp\\htdocs\\IPUIE\\IPUIE_NEW\\ipuie_back\\vendor\\laravel\\framework\\src\\Illuminate\\Routing\\Middleware\\SubstituteBindings.php(41): Illuminate\\Routing\\Pipeline->Illuminate\\Routing\\{closure}(Object(Illuminate\\Http\\Request))
#21 C:\\xampp\\htdocs\\IPUIE\\IPUIE_NEW\\ipuie_back\\vendor\\laravel\\framework\\src\\Illuminate\\Pipeline\\Pipeline.php(163): Illuminate\\Routing\\Middleware\\SubstituteBindings->handle(Object(Illuminate\\Http\\Request), Object(Closure))
#22 C:\\xampp\\htdocs\\IPUIE\\IPUIE_NEW\\ipuie_back\\vendor\\laravel\\framework\\src\\Illuminate\\Routing\\Pipeline.php(53): Illuminate\\Pipeline\\Pipeline->Illuminate\\Pipeline\\{closure}(Object(Illuminate\\Http\\Request))
#23 C:\\xampp\\htdocs\\IPUIE\\IPUIE_NEW\\ipuie_back\\vendor\\laravel\\framework\\src\\Illuminate\\Routing\\Middleware\\ThrottleRequests.php(58): Illuminate\\Routing\\Pipeline->Illuminate\\Routing\\{closure}(Object(Illuminate\\Http\\Request))
#24 C:\\xampp\\htdocs\\IPUIE\\IPUIE_NEW\\ipuie_back\\vendor\\laravel\\framework\\src\\Illuminate\\Pipeline\\Pipeline.php(163): Illuminate\\Routing\\Middleware\\ThrottleRequests->handle(Object(Illuminate\\Http\\Request), Object(Closure), 500, '1')
#25 C:\\xampp\\htdocs\\IPUIE\\IPUIE_NEW\\ipuie_back\\vendor\\laravel\\framework\\src\\Illuminate\\Routing\\Pipeline.php(53): Illuminate\\Pipeline\\Pipeline->Illuminate\\Pipeline\\{closure}(Object(Illuminate\\Http\\Request))
#26 C:\\xampp\\htdocs\\IPUIE\\IPUIE_NEW\\ipuie_back\\vendor\\laravel\\framework\\src\\Illuminate\\Session\\Middleware\\StartSession.php(56): Illuminate\\Routing\\Pipeline->Illuminate\\Routing\\{closure}(Object(Illuminate\\Http\\Request))
#27 C:\\xampp\\htdocs\\IPUIE\\IPUIE_NEW\\ipuie_back\\vendor\\laravel\\framework\\src\\Illuminate\\Pipeline\\Pipeline.php(163): Illuminate\\Session\\Middleware\\StartSession->handle(Object(Illuminate\\Http\\Request), Object(Closure))
#28 C:\\xampp\\htdocs\\IPUIE\\IPUIE_NEW\\ipuie_back\\vendor\\laravel\\framework\\src\\Illuminate\\Routing\\Pipeline.php(53): Illuminate\\Pipeline\\Pipeline->Illuminate\\Pipeline\\{closure}(Object(Illuminate\\Http\\Request))
#29 C:\\xampp\\htdocs\\IPUIE\\IPUIE_NEW\\ipuie_back\\vendor\\laravel\\framework\\src\\Illuminate\\Cookie\\Middleware\\EncryptCookies.php(66): Illuminate\\Routing\\Pipeline->Illuminate\\Routing\\{closure}(Object(Illuminate\\Http\\Request))
#30 C:\\xampp\\htdocs\\IPUIE\\IPUIE_NEW\\ipuie_back\\vendor\\laravel\\framework\\src\\Illuminate\\Pipeline\\Pipeline.php(163): Illuminate\\Cookie\\Middleware\\EncryptCookies->handle(Object(Illuminate\\Http\\Request), Object(Closure))
#31 C:\\xampp\\htdocs\\IPUIE\\IPUIE_NEW\\ipuie_back\\vendor\\laravel\\framework\\src\\Illuminate\\Routing\\Pipeline.php(53): Illuminate\\Pipeline\\Pipeline->Illuminate\\Pipeline\\{closure}(Object(Illuminate\\Http\\Request))
#32 C:\\xampp\\htdocs\\IPUIE\\IPUIE_NEW\\ipuie_back\\vendor\\laravel\\framework\\src\\Illuminate\\Pipeline\\Pipeline.php(104): Illuminate\\Routing\\Pipeline->Illuminate\\Routing\\{closure}(Object(Illuminate\\Http\\Request))
#33 C:\\xampp\\htdocs\\IPUIE\\IPUIE_NEW\\ipuie_back\\vendor\\laravel\\framework\\src\\Illuminate\\Routing\\Router.php(682): Illuminate\\Pipeline\\Pipeline->then(Object(Closure))
#34 C:\\xampp\\htdocs\\IPUIE\\IPUIE_NEW\\ipuie_back\\vendor\\laravel\\framework\\src\\Illuminate\\Routing\\Router.php(657): Illuminate\\Routing\\Router->runRouteWithinStack(Object(Illuminate\\Routing\\Route), Object(Illuminate\\Http\\Request))
#35 C:\\xampp\\htdocs\\IPUIE\\IPUIE_NEW\\ipuie_back\\vendor\\laravel\\framework\\src\\Illuminate\\Routing\\Router.php(623): Illuminate\\Routing\\Router->runRoute(Object(Illuminate\\Http\\Request), Object(Illuminate\\Routing\\Route))
#36 C:\\xampp\\htdocs\\IPUIE\\IPUIE_NEW\\ipuie_back\\vendor\\laravel\\framework\\src\\Illuminate\\Routing\\Router.php(612): Illuminate\\Routing\\Router->dispatchToRoute(Object(Illuminate\\Http\\Request))
#37 C:\\xampp\\htdocs\\IPUIE\\IPUIE_NEW\\ipuie_back\\vendor\\laravel\\framework\\src\\Illuminate\\Foundation\\Http\\Kernel.php(176): Illuminate\\Routing\\Router->dispatch(Object(Illuminate\\Http\\Request))
#38 C:\\xampp\\htdocs\\IPUIE\\IPUIE_NEW\\ipuie_back\\vendor\\laravel\\framework\\src\\Illuminate\\Routing\\Pipeline.php(30): Illuminate\\Foundation\\Http\\Kernel->Illuminate\\Foundation\\Http\\{closure}(Object(Illuminate\\Http\\Request))
#39 C:\\xampp\\htdocs\\IPUIE\\IPUIE_NEW\\ipuie_back\\app\\Http\\Middleware\\Cors.php(18): Illuminate\\Routing\\Pipeline->Illuminate\\Routing\\{closure}(Object(Illuminate\\Http\\Request))
#40 C:\\xampp\\htdocs\\IPUIE\\IPUIE_NEW\\ipuie_back\\vendor\\laravel\\framework\\src\\Illuminate\\Pipeline\\Pipeline.php(163): App\\Http\\Middleware\\Cors->handle(Object(Illuminate\\Http\\Request), Object(Closure))
#41 C:\\xampp\\htdocs\\IPUIE\\IPUIE_NEW\\ipuie_back\\vendor\\laravel\\framework\\src\\Illuminate\\Routing\\Pipeline.php(53): Illuminate\\Pipeline\\Pipeline->Illuminate\\Pipeline\\{closure}(Object(Illuminate\\Http\\Request))
#42 C:\\xampp\\htdocs\\IPUIE\\IPUIE_NEW\\ipuie_back\\vendor\\fideloper\\proxy\\src\\TrustProxies.php(57): Illuminate\\Routing\\Pipeline->Illuminate\\Routing\\{closure}(Object(Illuminate\\Http\\Request))
#43 C:\\xampp\\htdocs\\IPUIE\\IPUIE_NEW\\ipuie_back\\vendor\\laravel\\framework\\src\\Illuminate\\Pipeline\\Pipeline.php(163): Fideloper\\Proxy\\TrustProxies->handle(Object(Illuminate\\Http\\Request), Object(Closure))
#44 C:\\xampp\\htdocs\\IPUIE\\IPUIE_NEW\\ipuie_back\\vendor\\laravel\\framework\\src\\Illuminate\\Routing\\Pipeline.php(53): Illuminate\\Pipeline\\Pipeline->Illuminate\\Pipeline\\{closure}(Object(Illuminate\\Http\\Request))
#45 C:\\xampp\\htdocs\\IPUIE\\IPUIE_NEW\\ipuie_back\\vendor\\laravel\\framework\\src\\Illuminate\\Foundation\\Http\\Middleware\\TransformsRequest.php(21): Illuminate\\Routing\\Pipeline->Illuminate\\Routing\\{closure}(Object(Illuminate\\Http\\Request))
#46 C:\\xampp\\htdocs\\IPUIE\\IPUIE_NEW\\ipuie_back\\vendor\\laravel\\framework\\src\\Illuminate\\Pipeline\\Pipeline.php(163): Illuminate\\Foundation\\Http\\Middleware\\TransformsRequest->handle(Object(Illuminate\\Http\\Request), Object(Closure))
#47 C:\\xampp\\htdocs\\IPUIE\\IPUIE_NEW\\ipuie_back\\vendor\\laravel\\framework\\src\\Illuminate\\Routing\\Pipeline.php(53): Illuminate\\Pipeline\\Pipeline->Illuminate\\Pipeline\\{closure}(Object(Illuminate\\Http\\Request))
#48 C:\\xampp\\htdocs\\IPUIE\\IPUIE_NEW\\ipuie_back\\vendor\\laravel\\framework\\src\\Illuminate\\Foundation\\Http\\Middleware\\TransformsRequest.php(21): Illuminate\\Routing\\Pipeline->Illuminate\\Routing\\{closure}(Object(Illuminate\\Http\\Request))
#49 C:\\xampp\\htdocs\\IPUIE\\IPUIE_NEW\\ipuie_back\\vendor\\laravel\\framework\\src\\Illuminate\\Pipeline\\Pipeline.php(163): Illuminate\\Foundation\\Http\\Middleware\\TransformsRequest->handle(Object(Illuminate\\Http\\Request), Object(Closure))
#50 C:\\xampp\\htdocs\\IPUIE\\IPUIE_NEW\\ipuie_back\\vendor\\laravel\\framework\\src\\Illuminate\\Routing\\Pipeline.php(53): Illuminate\\Pipeline\\Pipeline->Illuminate\\Pipeline\\{closure}(Object(Illuminate\\Http\\Request))
#51 C:\\xampp\\htdocs\\IPUIE\\IPUIE_NEW\\ipuie_back\\vendor\\laravel\\framework\\src\\Illuminate\\Foundation\\Http\\Middleware\\ValidatePostSize.php(27): Illuminate\\Routing\\Pipeline->Illuminate\\Routing\\{closure}(Object(Illuminate\\Http\\Request))
#52 C:\\xampp\\htdocs\\IPUIE\\IPUIE_NEW\\ipuie_back\\vendor\\laravel\\framework\\src\\Illuminate\\Pipeline\\Pipeline.php(163): Illuminate\\Foundation\\Http\\Middleware\\ValidatePostSize->handle(Object(Illuminate\\Http\\Request), Object(Closure))
#53 C:\\xampp\\htdocs\\IPUIE\\IPUIE_NEW\\ipuie_back\\vendor\\laravel\\framework\\src\\Illuminate\\Routing\\Pipeline.php(53): Illuminate\\Pipeline\\Pipeline->Illuminate\\Pipeline\\{closure}(Object(Illuminate\\Http\\Request))
#54 C:\\xampp\\htdocs\\IPUIE\\IPUIE_NEW\\ipuie_back\\vendor\\laravel\\framework\\src\\Illuminate\\Foundation\\Http\\Middleware\\CheckForMaintenanceMode.php(62): Illuminate\\Routing\\Pipeline->Illuminate\\Routing\\{closure}(Object(Illuminate\\Http\\Request))
#55 C:\\xampp\\htdocs\\IPUIE\\IPUIE_NEW\\ipuie_back\\vendor\\laravel\\framework\\src\\Illuminate\\Pipeline\\Pipeline.php(163): Illuminate\\Foundation\\Http\\Middleware\\CheckForMaintenanceMode->handle(Object(Illuminate\\Http\\Request), Object(Closure))
#56 C:\\xampp\\htdocs\\IPUIE\\IPUIE_NEW\\ipuie_back\\vendor\\laravel\\framework\\src\\Illuminate\\Routing\\Pipeline.php(53): Illuminate\\Pipeline\\Pipeline->Illuminate\\Pipeline\\{closure}(Object(Illuminate\\Http\\Request))
#57 C:\\xampp\\htdocs\\IPUIE\\IPUIE_NEW\\ipuie_back\\vendor\\laravel\\framework\\src\\Illuminate\\Pipeline\\Pipeline.php(104): Illuminate\\Routing\\Pipeline->Illuminate\\Routing\\{closure}(Object(Illuminate\\Http\\Request))
#58 C:\\xampp\\htdocs\\IPUIE\\IPUIE_NEW\\ipuie_back\\vendor\\laravel\\framework\\src\\Illuminate\\Foundation\\Http\\Kernel.php(151): Illuminate\\Pipeline\\Pipeline->then(Object(Closure))
#59 C:\\xampp\\htdocs\\IPUIE\\IPUIE_NEW\\ipuie_back\\vendor\\laravel\\framework\\src\\Illuminate\\Foundation\\Http\\Kernel.php(116): Illuminate\\Foundation\\Http\\Kernel->sendRequestThroughRouter(Object(Illuminate\\Http\\Request))
#60 C:\\xampp\\htdocs\\IPUIE\\IPUIE_NEW\\ipuie_back\\public\\index.php(55): Illuminate\\Foundation\\Http\\Kernel->handle(Object(Illuminate\\Http\\Request))
#61 C:\\xampp\\htdocs\\IPUIE\\IPUIE_NEW\\ipuie_back\\server.php(21): require_once('C:\\\\xampp\\\\htdocs...')
#62 {main}
"} 
[2022-06-09 21:54:39] production.ERROR: SQLSTATE[23000]: Integrity constraint violation: 1048 Column 'certificado' cannot be null (SQL: insert into `cur_cursos` (`titulo`, `subtitulo`, `capacitador`, `cant_horas`, `precio`, `descuento`, `certificado`, `requisitos`, `descripcion`, `aprender`, `img_portada`, `user`, `updated_at`, `created_at`) values (asdas, asdas, 1, 12, 12, 12, ?, asdas, asdasads, asda, 62a2b26fd15d5Group 78 (1).png, 1, 2022-06-09 21:54:39, 2022-06-09 21:54:39)) {"exception":"[object] (Illuminate\\Database\\QueryException(code: 23000): SQLSTATE[23000]: Integrity constraint violation: 1048 Column 'certificado' cannot be null (SQL: insert into `cur_cursos` (`titulo`, `subtitulo`, `capacitador`, `cant_horas`, `precio`, `descuento`, `certificado`, `requisitos`, `descripcion`, `aprender`, `img_portada`, `user`, `updated_at`, `created_at`) values (asdas, asdas, 1, 12, 12, 12, ?, asdas, asdasads, asda, 62a2b26fd15d5Group 78 (1).png, 1, 2022-06-09 21:54:39, 2022-06-09 21:54:39)) at C:\\xampp\\htdocs\\IPUIE\\IPUIE_NEW\\ipuie_back\\vendor\\laravel\\framework\\src\\Illuminate\\Database\\Connection.php:664, PDOException(code: 23000): SQLSTATE[23000]: Integrity constraint violation: 1048 Column 'certificado' cannot be null at C:\\xampp\\htdocs\\IPUIE\\IPUIE_NEW\\ipuie_back\\vendor\\laravel\\framework\\src\\Illuminate\\Database\\Connection.php:458)
[stacktrace]
#0 C:\\xampp\\htdocs\\IPUIE\\IPUIE_NEW\\ipuie_back\\vendor\\laravel\\framework\\src\\Illuminate\\Database\\Connection.php(624): Illuminate\\Database\\Connection->runQueryCallback('insert into `cu...', Array, Object(Closure))
#1 C:\\xampp\\htdocs\\IPUIE\\IPUIE_NEW\\ipuie_back\\vendor\\laravel\\framework\\src\\Illuminate\\Database\\Connection.php(459): Illuminate\\Database\\Connection->run('insert into `cu...', Array, Object(Closure))
#2 C:\\xampp\\htdocs\\IPUIE\\IPUIE_NEW\\ipuie_back\\vendor\\laravel\\framework\\src\\Illuminate\\Database\\Connection.php(411): Illuminate\\Database\\Connection->statement('insert into `cu...', Array)
#3 C:\\xampp\\htdocs\\IPUIE\\IPUIE_NEW\\ipuie_back\\vendor\\laravel\\framework\\src\\Illuminate\\Database\\Query\\Processors\\Processor.php(32): Illuminate\\Database\\Connection->insert('insert into `cu...', Array)
#4 C:\\xampp\\htdocs\\IPUIE\\IPUIE_NEW\\ipuie_back\\vendor\\laravel\\framework\\src\\Illuminate\\Database\\Query\\Builder.php(2690): Illuminate\\Database\\Query\\Processors\\Processor->processInsertGetId(Object(Illuminate\\Database\\Query\\Builder), 'insert into `cu...', Array, 'id_curso')
#5 C:\\xampp\\htdocs\\IPUIE\\IPUIE_NEW\\ipuie_back\\vendor\\laravel\\framework\\src\\Illuminate\\Database\\Eloquent\\Builder.php(1353): Illuminate\\Database\\Query\\Builder->insertGetId(Array, 'id_curso')
#6 C:\\xampp\\htdocs\\IPUIE\\IPUIE_NEW\\ipuie_back\\vendor\\laravel\\framework\\src\\Illuminate\\Database\\Eloquent\\Model.php(839): Illuminate\\Database\\Eloquent\\Builder->__call('insertGetId', Array)
#7 C:\\xampp\\htdocs\\IPUIE\\IPUIE_NEW\\ipuie_back\\vendor\\laravel\\framework\\src\\Illuminate\\Database\\Eloquent\\Model.php(804): Illuminate\\Database\\Eloquent\\Model->insertAndSetId(Object(Illuminate\\Database\\Eloquent\\Builder), Array)
#8 C:\\xampp\\htdocs\\IPUIE\\IPUIE_NEW\\ipuie_back\\vendor\\laravel\\framework\\src\\Illuminate\\Database\\Eloquent\\Model.php(667): Illuminate\\Database\\Eloquent\\Model->performInsert(Object(Illuminate\\Database\\Eloquent\\Builder))
#9 C:\\xampp\\htdocs\\IPUIE\\IPUIE_NEW\\ipuie_back\\app\\Http\\Controllers\\CursosController.php(84): Illuminate\\Database\\Eloquent\\Model->save()
#10 [internal function]: App\\Http\\Controllers\\CursosController->store(Object(Illuminate\\Http\\Request))
#11 C:\\xampp\\htdocs\\IPUIE\\IPUIE_NEW\\ipuie_back\\vendor\\laravel\\framework\\src\\Illuminate\\Routing\\Controller.php(54): call_user_func_array(Array, Array)
#12 C:\\xampp\\htdocs\\IPUIE\\IPUIE_NEW\\ipuie_back\\vendor\\laravel\\framework\\src\\Illuminate\\Routing\\ControllerDispatcher.php(45): Illuminate\\Routing\\Controller->callAction('store', Array)
#13 C:\\xampp\\htdocs\\IPUIE\\IPUIE_NEW\\ipuie_back\\vendor\\laravel\\framework\\src\\Illuminate\\Routing\\Route.php(219): Illuminate\\Routing\\ControllerDispatcher->dispatch(Object(Illuminate\\Routing\\Route), Object(App\\Http\\Controllers\\CursosController), 'store')
#14 C:\\xampp\\htdocs\\IPUIE\\IPUIE_NEW\\ipuie_back\\vendor\\laravel\\framework\\src\\Illuminate\\Routing\\Route.php(176): Illuminate\\Routing\\Route->runController()
#15 C:\\xampp\\htdocs\\IPUIE\\IPUIE_NEW\\ipuie_back\\vendor\\laravel\\framework\\src\\Illuminate\\Routing\\Router.php(680): Illuminate\\Routing\\Route->run()
#16 C:\\xampp\\htdocs\\IPUIE\\IPUIE_NEW\\ipuie_back\\vendor\\laravel\\framework\\src\\Illuminate\\Routing\\Pipeline.php(30): Illuminate\\Routing\\Router->Illuminate\\Routing\\{closure}(Object(Illuminate\\Http\\Request))
#17 C:\\xampp\\htdocs\\IPUIE\\IPUIE_NEW\\ipuie_back\\app\\Http\\Middleware\\Cors.php(18): Illuminate\\Routing\\Pipeline->Illuminate\\Routing\\{closure}(Object(Illuminate\\Http\\Request))
#18 C:\\xampp\\htdocs\\IPUIE\\IPUIE_NEW\\ipuie_back\\vendor\\laravel\\framework\\src\\Illuminate\\Pipeline\\Pipeline.php(163): App\\Http\\Middleware\\Cors->handle(Object(Illuminate\\Http\\Request), Object(Closure))
#19 C:\\xampp\\htdocs\\IPUIE\\IPUIE_NEW\\ipuie_back\\vendor\\laravel\\framework\\src\\Illuminate\\Routing\\Pipeline.php(53): Illuminate\\Pipeline\\Pipeline->Illuminate\\Pipeline\\{closure}(Object(Illuminate\\Http\\Request))
#20 C:\\xampp\\htdocs\\IPUIE\\IPUIE_NEW\\ipuie_back\\vendor\\laravel\\framework\\src\\Illuminate\\Routing\\Middleware\\SubstituteBindings.php(41): Illuminate\\Routing\\Pipeline->Illuminate\\Routing\\{closure}(Object(Illuminate\\Http\\Request))
#21 C:\\xampp\\htdocs\\IPUIE\\IPUIE_NEW\\ipuie_back\\vendor\\laravel\\framework\\src\\Illuminate\\Pipeline\\Pipeline.php(163): Illuminate\\Routing\\Middleware\\SubstituteBindings->handle(Object(Illuminate\\Http\\Request), Object(Closure))
#22 C:\\xampp\\htdocs\\IPUIE\\IPUIE_NEW\\ipuie_back\\vendor\\laravel\\framework\\src\\Illuminate\\Routing\\Pipeline.php(53): Illuminate\\Pipeline\\Pipeline->Illuminate\\Pipeline\\{closure}(Object(Illuminate\\Http\\Request))
#23 C:\\xampp\\htdocs\\IPUIE\\IPUIE_NEW\\ipuie_back\\vendor\\laravel\\framework\\src\\Illuminate\\Routing\\Middleware\\ThrottleRequests.php(58): Illuminate\\Routing\\Pipeline->Illuminate\\Routing\\{closure}(Object(Illuminate\\Http\\Request))
#24 C:\\xampp\\htdocs\\IPUIE\\IPUIE_NEW\\ipuie_back\\vendor\\laravel\\framework\\src\\Illuminate\\Pipeline\\Pipeline.php(163): Illuminate\\Routing\\Middleware\\ThrottleRequests->handle(Object(Illuminate\\Http\\Request), Object(Closure), 500, '1')
#25 C:\\xampp\\htdocs\\IPUIE\\IPUIE_NEW\\ipuie_back\\vendor\\laravel\\framework\\src\\Illuminate\\Routing\\Pipeline.php(53): Illuminate\\Pipeline\\Pipeline->Illuminate\\Pipeline\\{closure}(Object(Illuminate\\Http\\Request))
#26 C:\\xampp\\htdocs\\IPUIE\\IPUIE_NEW\\ipuie_back\\vendor\\laravel\\framework\\src\\Illuminate\\Session\\Middleware\\StartSession.php(56): Illuminate\\Routing\\Pipeline->Illuminate\\Routing\\{closure}(Object(Illuminate\\Http\\Request))
#27 C:\\xampp\\htdocs\\IPUIE\\IPUIE_NEW\\ipuie_back\\vendor\\laravel\\framework\\src\\Illuminate\\Pipeline\\Pipeline.php(163): Illuminate\\Session\\Middleware\\StartSession->handle(Object(Illuminate\\Http\\Request), Object(Closure))
#28 C:\\xampp\\htdocs\\IPUIE\\IPUIE_NEW\\ipuie_back\\vendor\\laravel\\framework\\src\\Illuminate\\Routing\\Pipeline.php(53): Illuminate\\Pipeline\\Pipeline->Illuminate\\Pipeline\\{closure}(Object(Illuminate\\Http\\Request))
#29 C:\\xampp\\htdocs\\IPUIE\\IPUIE_NEW\\ipuie_back\\vendor\\laravel\\framework\\src\\Illuminate\\Cookie\\Middleware\\EncryptCookies.php(66): Illuminate\\Routing\\Pipeline->Illuminate\\Routing\\{closure}(Object(Illuminate\\Http\\Request))
#30 C:\\xampp\\htdocs\\IPUIE\\IPUIE_NEW\\ipuie_back\\vendor\\laravel\\framework\\src\\Illuminate\\Pipeline\\Pipeline.php(163): Illuminate\\Cookie\\Middleware\\EncryptCookies->handle(Object(Illuminate\\Http\\Request), Object(Closure))
#31 C:\\xampp\\htdocs\\IPUIE\\IPUIE_NEW\\ipuie_back\\vendor\\laravel\\framework\\src\\Illuminate\\Routing\\Pipeline.php(53): Illuminate\\Pipeline\\Pipeline->Illuminate\\Pipeline\\{closure}(Object(Illuminate\\Http\\Request))
#32 C:\\xampp\\htdocs\\IPUIE\\IPUIE_NEW\\ipuie_back\\vendor\\laravel\\framework\\src\\Illuminate\\Pipeline\\Pipeline.php(104): Illuminate\\Routing\\Pipeline->Illuminate\\Routing\\{closure}(Object(Illuminate\\Http\\Request))
#33 C:\\xampp\\htdocs\\IPUIE\\IPUIE_NEW\\ipuie_back\\vendor\\laravel\\framework\\src\\Illuminate\\Routing\\Router.php(682): Illuminate\\Pipeline\\Pipeline->then(Object(Closure))
#34 C:\\xampp\\htdocs\\IPUIE\\IPUIE_NEW\\ipuie_back\\vendor\\laravel\\framework\\src\\Illuminate\\Routing\\Router.php(657): Illuminate\\Routing\\Router->runRouteWithinStack(Object(Illuminate\\Routing\\Route), Object(Illuminate\\Http\\Request))
#35 C:\\xampp\\htdocs\\IPUIE\\IPUIE_NEW\\ipuie_back\\vendor\\laravel\\framework\\src\\Illuminate\\Routing\\Router.php(623): Illuminate\\Routing\\Router->runRoute(Object(Illuminate\\Http\\Request), Object(Illuminate\\Routing\\Route))
#36 C:\\xampp\\htdocs\\IPUIE\\IPUIE_NEW\\ipuie_back\\vendor\\laravel\\framework\\src\\Illuminate\\Routing\\Router.php(612): Illuminate\\Routing\\Router->dispatchToRoute(Object(Illuminate\\Http\\Request))
#37 C:\\xampp\\htdocs\\IPUIE\\IPUIE_NEW\\ipuie_back\\vendor\\laravel\\framework\\src\\Illuminate\\Foundation\\Http\\Kernel.php(176): Illuminate\\Routing\\Router->dispatch(Object(Illuminate\\Http\\Request))
#38 C:\\xampp\\htdocs\\IPUIE\\IPUIE_NEW\\ipuie_back\\vendor\\laravel\\framework\\src\\Illuminate\\Routing\\Pipeline.php(30): Illuminate\\Foundation\\Http\\Kernel->Illuminate\\Foundation\\Http\\{closure}(Object(Illuminate\\Http\\Request))
#39 C:\\xampp\\htdocs\\IPUIE\\IPUIE_NEW\\ipuie_back\\app\\Http\\Middleware\\Cors.php(18): Illuminate\\Routing\\Pipeline->Illuminate\\Routing\\{closure}(Object(Illuminate\\Http\\Request))
#40 C:\\xampp\\htdocs\\IPUIE\\IPUIE_NEW\\ipuie_back\\vendor\\laravel\\framework\\src\\Illuminate\\Pipeline\\Pipeline.php(163): App\\Http\\Middleware\\Cors->handle(Object(Illuminate\\Http\\Request), Object(Closure))
#41 C:\\xampp\\htdocs\\IPUIE\\IPUIE_NEW\\ipuie_back\\vendor\\laravel\\framework\\src\\Illuminate\\Routing\\Pipeline.php(53): Illuminate\\Pipeline\\Pipeline->Illuminate\\Pipeline\\{closure}(Object(Illuminate\\Http\\Request))
#42 C:\\xampp\\htdocs\\IPUIE\\IPUIE_NEW\\ipuie_back\\vendor\\fideloper\\proxy\\src\\TrustProxies.php(57): Illuminate\\Routing\\Pipeline->Illuminate\\Routing\\{closure}(Object(Illuminate\\Http\\Request))
#43 C:\\xampp\\htdocs\\IPUIE\\IPUIE_NEW\\ipuie_back\\vendor\\laravel\\framework\\src\\Illuminate\\Pipeline\\Pipeline.php(163): Fideloper\\Proxy\\TrustProxies->handle(Object(Illuminate\\Http\\Request), Object(Closure))
#44 C:\\xampp\\htdocs\\IPUIE\\IPUIE_NEW\\ipuie_back\\vendor\\laravel\\framework\\src\\Illuminate\\Routing\\Pipeline.php(53): Illuminate\\Pipeline\\Pipeline->Illuminate\\Pipeline\\{closure}(Object(Illuminate\\Http\\Request))
#45 C:\\xampp\\htdocs\\IPUIE\\IPUIE_NEW\\ipuie_back\\vendor\\laravel\\framework\\src\\Illuminate\\Foundation\\Http\\Middleware\\TransformsRequest.php(21): Illuminate\\Routing\\Pipeline->Illuminate\\Routing\\{closure}(Object(Illuminate\\Http\\Request))
#46 C:\\xampp\\htdocs\\IPUIE\\IPUIE_NEW\\ipuie_back\\vendor\\laravel\\framework\\src\\Illuminate\\Pipeline\\Pipeline.php(163): Illuminate\\Foundation\\Http\\Middleware\\TransformsRequest->handle(Object(Illuminate\\Http\\Request), Object(Closure))
#47 C:\\xampp\\htdocs\\IPUIE\\IPUIE_NEW\\ipuie_back\\vendor\\laravel\\framework\\src\\Illuminate\\Routing\\Pipeline.php(53): Illuminate\\Pipeline\\Pipeline->Illuminate\\Pipeline\\{closure}(Object(Illuminate\\Http\\Request))
#48 C:\\xampp\\htdocs\\IPUIE\\IPUIE_NEW\\ipuie_back\\vendor\\laravel\\framework\\src\\Illuminate\\Foundation\\Http\\Middleware\\TransformsRequest.php(21): Illuminate\\Routing\\Pipeline->Illuminate\\Routing\\{closure}(Object(Illuminate\\Http\\Request))
#49 C:\\xampp\\htdocs\\IPUIE\\IPUIE_NEW\\ipuie_back\\vendor\\laravel\\framework\\src\\Illuminate\\Pipeline\\Pipeline.php(163): Illuminate\\Foundation\\Http\\Middleware\\TransformsRequest->handle(Object(Illuminate\\Http\\Request), Object(Closure))
#50 C:\\xampp\\htdocs\\IPUIE\\IPUIE_NEW\\ipuie_back\\vendor\\laravel\\framework\\src\\Illuminate\\Routing\\Pipeline.php(53): Illuminate\\Pipeline\\Pipeline->Illuminate\\Pipeline\\{closure}(Object(Illuminate\\Http\\Request))
#51 C:\\xampp\\htdocs\\IPUIE\\IPUIE_NEW\\ipuie_back\\vendor\\laravel\\framework\\src\\Illuminate\\Foundation\\Http\\Middleware\\ValidatePostSize.php(27): Illuminate\\Routing\\Pipeline->Illuminate\\Routing\\{closure}(Object(Illuminate\\Http\\Request))
#52 C:\\xampp\\htdocs\\IPUIE\\IPUIE_NEW\\ipuie_back\\vendor\\laravel\\framework\\src\\Illuminate\\Pipeline\\Pipeline.php(163): Illuminate\\Foundation\\Http\\Middleware\\ValidatePostSize->handle(Object(Illuminate\\Http\\Request), Object(Closure))
#53 C:\\xampp\\htdocs\\IPUIE\\IPUIE_NEW\\ipuie_back\\vendor\\laravel\\framework\\src\\Illuminate\\Routing\\Pipeline.php(53): Illuminate\\Pipeline\\Pipeline->Illuminate\\Pipeline\\{closure}(Object(Illuminate\\Http\\Request))
#54 C:\\xampp\\htdocs\\IPUIE\\IPUIE_NEW\\ipuie_back\\vendor\\laravel\\framework\\src\\Illuminate\\Foundation\\Http\\Middleware\\CheckForMaintenanceMode.php(62): Illuminate\\Routing\\Pipeline->Illuminate\\Routing\\{closure}(Object(Illuminate\\Http\\Request))
#55 C:\\xampp\\htdocs\\IPUIE\\IPUIE_NEW\\ipuie_back\\vendor\\laravel\\framework\\src\\Illuminate\\Pipeline\\Pipeline.php(163): Illuminate\\Foundation\\Http\\Middleware\\CheckForMaintenanceMode->handle(Object(Illuminate\\Http\\Request), Object(Closure))
#56 C:\\xampp\\htdocs\\IPUIE\\IPUIE_NEW\\ipuie_back\\vendor\\laravel\\framework\\src\\Illuminate\\Routing\\Pipeline.php(53): Illuminate\\Pipeline\\Pipeline->Illuminate\\Pipeline\\{closure}(Object(Illuminate\\Http\\Request))
#57 C:\\xampp\\htdocs\\IPUIE\\IPUIE_NEW\\ipuie_back\\vendor\\laravel\\framework\\src\\Illuminate\\Pipeline\\Pipeline.php(104): Illuminate\\Routing\\Pipeline->Illuminate\\Routing\\{closure}(Object(Illuminate\\Http\\Request))
#58 C:\\xampp\\htdocs\\IPUIE\\IPUIE_NEW\\ipuie_back\\vendor\\laravel\\framework\\src\\Illuminate\\Foundation\\Http\\Kernel.php(151): Illuminate\\Pipeline\\Pipeline->then(Object(Closure))
#59 C:\\xampp\\htdocs\\IPUIE\\IPUIE_NEW\\ipuie_back\\vendor\\laravel\\framework\\src\\Illuminate\\Foundation\\Http\\Kernel.php(116): Illuminate\\Foundation\\Http\\Kernel->sendRequestThroughRouter(Object(Illuminate\\Http\\Request))
#60 C:\\xampp\\htdocs\\IPUIE\\IPUIE_NEW\\ipuie_back\\public\\index.php(55): Illuminate\\Foundation\\Http\\Kernel->handle(Object(Illuminate\\Http\\Request))
#61 C:\\xampp\\htdocs\\IPUIE\\IPUIE_NEW\\ipuie_back\\server.php(21): require_once('C:\\\\xampp\\\\htdocs...')
#62 {main}
"} 
[2022-06-09 22:58:55] production.ERROR: Invalid route action: [App\Http\Controllers\CursosController]. {"exception":"[object] (UnexpectedValueException(code: 0): Invalid route action: [App\\Http\\Controllers\\CursosController]. at C:\\xampp\\htdocs\\IPUIE\\IPUIE_NEW\\ipuie_back\\vendor\\laravel\\framework\\src\\Illuminate\\Routing\\RouteAction.php:89)
[stacktrace]
#0 C:\\xampp\\htdocs\\IPUIE\\IPUIE_NEW\\ipuie_back\\vendor\\laravel\\framework\\src\\Illuminate\\Routing\\RouteAction.php(46): Illuminate\\Routing\\RouteAction::makeInvokable('App\\\\Http\\\\Contro...')
#1 C:\\xampp\\htdocs\\IPUIE\\IPUIE_NEW\\ipuie_back\\vendor\\laravel\\framework\\src\\Illuminate\\Routing\\Route.php(162): Illuminate\\Routing\\RouteAction::parse('api/mis_cursos/...', Array)
#2 C:\\xampp\\htdocs\\IPUIE\\IPUIE_NEW\\ipuie_back\\vendor\\laravel\\framework\\src\\Illuminate\\Routing\\Route.php(141): Illuminate\\Routing\\Route->parseAction(Array)
#3 C:\\xampp\\htdocs\\IPUIE\\IPUIE_NEW\\ipuie_back\\vendor\\laravel\\framework\\src\\Illuminate\\Routing\\Router.php(547): Illuminate\\Routing\\Route->__construct(Array, 'api/mis_cursos/...', Array)
#4 C:\\xampp\\htdocs\\IPUIE\\IPUIE_NEW\\ipuie_back\\vendor\\laravel\\framework\\src\\Illuminate\\Routing\\Router.php(466): Illuminate\\Routing\\Router->newRoute(Array, 'api/mis_cursos/...', Array)
#5 C:\\xampp\\htdocs\\IPUIE\\IPUIE_NEW\\ipuie_back\\vendor\\laravel\\framework\\src\\Illuminate\\Routing\\Router.php(445): Illuminate\\Routing\\Router->createRoute(Array, 'mis_cursos/{id_...', Array)
#6 C:\\xampp\\htdocs\\IPUIE\\IPUIE_NEW\\ipuie_back\\vendor\\laravel\\framework\\src\\Illuminate\\Routing\\Router.php(144): Illuminate\\Routing\\Router->addRoute(Array, 'mis_cursos/{id_...', 'CursosControlle...')
#7 C:\\xampp\\htdocs\\IPUIE\\IPUIE_NEW\\ipuie_back\\vendor\\laravel\\framework\\src\\Illuminate\\Support\\Facades\\Facade.php(239): Illuminate\\Routing\\Router->get('mis_cursos/{id_...', 'CursosControlle...')
#8 C:\\xampp\\htdocs\\IPUIE\\IPUIE_NEW\\ipuie_back\outes\\api.php(27): Illuminate\\Support\\Facades\\Facade::__callStatic('get', Array)
#9 C:\\xampp\\htdocs\\IPUIE\\IPUIE_NEW\\ipuie_back\\vendor\\laravel\\framework\\src\\Illuminate\\Routing\\Router.php(413): Illuminate\\Routing\\RouteFileRegistrar->{closure}(Object(Illuminate\\Routing\\Router))
#10 C:\\xampp\\htdocs\\IPUIE\\IPUIE_NEW\\ipuie_back\\vendor\\laravel\\framework\\src\\Illuminate\\Routing\\Router.php(373): Illuminate\\Routing\\Router->loadRoutes(Object(Closure))
#11 C:\\xampp\\htdocs\\IPUIE\\IPUIE_NEW\\ipuie_back\\vendor\\laravel\\framework\\src\\Illuminate\\Support\\Facades\\Facade.php(239): Illuminate\\Routing\\Router->group(Array, Object(Closure))
#12 C:\\xampp\\htdocs\\IPUIE\\IPUIE_NEW\\ipuie_back\outes\\api.php(103): Illuminate\\Support\\Facades\\Facade::__callStatic('group', Array)
#13 C:\\xampp\\htdocs\\IPUIE\\IPUIE_NEW\\ipuie_back\\vendor\\laravel\\framework\\src\\Illuminate\\Routing\\RouteFileRegistrar.php(35): require('C:\\\\xampp\\\\htdocs...')
#14 C:\\xampp\\htdocs\\IPUIE\\IPUIE_NEW\\ipuie_back\\vendor\\laravel\\framework\\src\\Illuminate\\Routing\\Router.php(415): Illuminate\\Routing\\RouteFileRegistrar->register('C:\\\\xampp\\\\htdocs...')
#15 C:\\xampp\\htdocs\\IPUIE\\IPUIE_NEW\\ipuie_back\\vendor\\laravel\\framework\\src\\Illuminate\\Routing\\Router.php(373): Illuminate\\Routing\\Router->loadRoutes('C:\\\\xampp\\\\htdocs...')
#16 C:\\xampp\\htdocs\\IPUIE\\IPUIE_NEW\\ipuie_back\\vendor\\laravel\\framework\\src\\Illuminate\\Routing\\RouteRegistrar.php(121): Illuminate\\Routing\\Router->group(Array, 'C:\\\\xampp\\\\htdocs...')
#17 C:\\xampp\\htdocs\\IPUIE\\IPUIE_NEW\\ipuie_back\\app\\Providers\\RouteServiceProvider.php(71): Illuminate\\Routing\\RouteRegistrar->group('C:\\\\xampp\\\\htdocs...')
#18 C:\\xampp\\htdocs\\IPUIE\\IPUIE_NEW\\ipuie_back\\app\\Providers\\RouteServiceProvider.php(38): App\\Providers\\RouteServiceProvider->mapApiRoutes()
#19 [internal function]: App\\Providers\\RouteServiceProvider->map()
#20 C:\\xampp\\htdocs\\IPUIE\\IPUIE_NEW\\ipuie_back\\vendor\\laravel\\framework\\src\\Illuminate\\Container\\BoundMethod.php(32): call_user_func_array(Array, Array)
#21 C:\\xampp\\htdocs\\IPUIE\\IPUIE_NEW\\ipuie_back\\vendor\\laravel\\framework\\src\\Illuminate\\Container\\BoundMethod.php(90): Illuminate\\Container\\BoundMethod::Illuminate\\Container\\{closure}()
#22 C:\\xampp\\htdocs\\IPUIE\\IPUIE_NEW\\ipuie_back\\vendor\\laravel\\framework\\src\\Illuminate\\Container\\BoundMethod.php(34): Illuminate\\Container\\BoundMethod::callBoundMethod(Object(Illuminate\\Foundation\\Application), Array, Object(Closure))
#23 C:\\xampp\\htdocs\\IPUIE\\IPUIE_NEW\\ipuie_back\\vendor\\laravel\\framework\\src\\Illuminate\\Container\\Container.php(576): Illuminate\\Container\\BoundMethod::call(Object(Illuminate\\Foundation\\Application), Array, Array, NULL)
#24 C:\\xampp\\htdocs\\IPUIE\\IPUIE_NEW\\ipuie_back\\vendor\\laravel\\framework\\src\\Illuminate\\Foundation\\Support\\Providers\\RouteServiceProvider.php(87): Illuminate\\Container\\Container->call(Array)
#25 C:\\xampp\\htdocs\\IPUIE\\IPUIE_NEW\\ipuie_back\\vendor\\laravel\\framework\\src\\Illuminate\\Foundation\\Support\\Providers\\RouteServiceProvider.php(36): Illuminate\\Foundation\\Support\\Providers\\RouteServiceProvider->loadRoutes()
#26 C:\\xampp\\htdocs\\IPUIE\\IPUIE_NEW\\ipuie_back\\app\\Providers\\RouteServiceProvider.php(28): Illuminate\\Foundation\\Support\\Providers\\RouteServiceProvider->boot()
#27 [internal function]: App\\Providers\\RouteServiceProvider->boot()
#28 C:\\xampp\\htdocs\\IPUIE\\IPUIE_NEW\\ipuie_back\\vendor\\laravel\\framework\\src\\Illuminate\\Container\\BoundMethod.php(32): call_user_func_array(Array, Array)
#29 C:\\xampp\\htdocs\\IPUIE\\IPUIE_NEW\\ipuie_back\\vendor\\laravel\\framework\\src\\Illuminate\\Container\\BoundMethod.php(90): Illuminate\\Container\\BoundMethod::Illuminate\\Container\\{closure}()
#30 C:\\xampp\\htdocs\\IPUIE\\IPUIE_NEW\\ipuie_back\\vendor\\laravel\\framework\\src\\Illuminate\\Container\\BoundMethod.php(34): Illuminate\\Container\\BoundMethod::callBoundMethod(Object(Illuminate\\Foundation\\Application), Array, Object(Closure))
#31 C:\\xampp\\htdocs\\IPUIE\\IPUIE_NEW\\ipuie_back\\vendor\\laravel\\framework\\src\\Illuminate\\Container\\Container.php(576): Illuminate\\Container\\BoundMethod::call(Object(Illuminate\\Foundation\\Application), Array, Array, NULL)
#32 C:\\xampp\\htdocs\\IPUIE\\IPUIE_NEW\\ipuie_back\\vendor\\laravel\\framework\\src\\Illuminate\\Foundation\\Application.php(827): Illuminate\\Container\\Container->call(Array)
#33 C:\\xampp\\htdocs\\IPUIE\\IPUIE_NEW\\ipuie_back\\vendor\\laravel\\framework\\src\\Illuminate\\Foundation\\Application.php(810): Illuminate\\Foundation\\Application->bootProvider(Object(App\\Providers\\RouteServiceProvider))
#34 [internal function]: Illuminate\\Foundation\\Application->Illuminate\\Foundation\\{closure}(Object(App\\Providers\\RouteServiceProvider), 23)
#35 C:\\xampp\\htdocs\\IPUIE\\IPUIE_NEW\\ipuie_back\\vendor\\laravel\\framework\\src\\Illuminate\\Foundation\\Application.php(811): array_walk(Array, Object(Closure))
#36 C:\\xampp\\htdocs\\IPUIE\\IPUIE_NEW\\ipuie_back\\vendor\\laravel\\framework\\src\\Illuminate\\Foundation\\Bootstrap\\BootProviders.php(17): Illuminate\\Foundation\\Application->boot()
#37 C:\\xampp\\htdocs\\IPUIE\\IPUIE_NEW\\ipuie_back\\vendor\\laravel\\framework\\src\\Illuminate\\Foundation\\Application.php(210): Illuminate\\Foundation\\Bootstrap\\BootProviders->bootstrap(Object(Illuminate\\Foundation\\Application))
#38 C:\\xampp\\htdocs\\IPUIE\\IPUIE_NEW\\ipuie_back\\vendor\\laravel\\framework\\src\\Illuminate\\Foundation\\Http\\Kernel.php(162): Illuminate\\Foundation\\Application->bootstrapWith(Array)
#39 C:\\xampp\\htdocs\\IPUIE\\IPUIE_NEW\\ipuie_back\\vendor\\laravel\\framework\\src\\Illuminate\\Foundation\\Http\\Kernel.php(146): Illuminate\\Foundation\\Http\\Kernel->bootstrap()
#40 C:\\xampp\\htdocs\\IPUIE\\IPUIE_NEW\\ipuie_back\\vendor\\laravel\\framework\\src\\Illuminate\\Foundation\\Http\\Kernel.php(116): Illuminate\\Foundation\\Http\\Kernel->sendRequestThroughRouter(Object(Illuminate\\Http\\Request))
#41 C:\\xampp\\htdocs\\IPUIE\\IPUIE_NEW\\ipuie_back\\public\\index.php(55): Illuminate\\Foundation\\Http\\Kernel->handle(Object(Illuminate\\Http\\Request))
#42 C:\\xampp\\htdocs\\IPUIE\\IPUIE_NEW\\ipuie_back\\server.php(21): require_once('C:\\\\xampp\\\\htdocs...')
#43 {main}
"} 
[2022-06-09 22:58:59] production.ERROR: Invalid route action: [App\Http\Controllers\CursosController]. {"exception":"[object] (UnexpectedValueException(code: 0): Invalid route action: [App\\Http\\Controllers\\CursosController]. at C:\\xampp\\htdocs\\IPUIE\\IPUIE_NEW\\ipuie_back\\vendor\\laravel\\framework\\src\\Illuminate\\Routing\\RouteAction.php:89)
[stacktrace]
#0 C:\\xampp\\htdocs\\IPUIE\\IPUIE_NEW\\ipuie_back\\vendor\\laravel\\framework\\src\\Illuminate\\Routing\\RouteAction.php(46): Illuminate\\Routing\\RouteAction::makeInvokable('App\\\\Http\\\\Contro...')
#1 C:\\xampp\\htdocs\\IPUIE\\IPUIE_NEW\\ipuie_back\\vendor\\laravel\\framework\\src\\Illuminate\\Routing\\Route.php(162): Illuminate\\Routing\\RouteAction::parse('api/mis_cursos/...', Array)
#2 C:\\xampp\\htdocs\\IPUIE\\IPUIE_NEW\\ipuie_back\\vendor\\laravel\\framework\\src\\Illuminate\\Routing\\Route.php(141): Illuminate\\Routing\\Route->parseAction(Array)
#3 C:\\xampp\\htdocs\\IPUIE\\IPUIE_NEW\\ipuie_back\\vendor\\laravel\\framework\\src\\Illuminate\\Routing\\Router.php(547): Illuminate\\Routing\\Route->__construct(Array, 'api/mis_cursos/...', Array)
#4 C:\\xampp\\htdocs\\IPUIE\\IPUIE_NEW\\ipuie_back\\vendor\\laravel\\framework\\src\\Illuminate\\Routing\\Router.php(466): Illuminate\\Routing\\Router->newRoute(Array, 'api/mis_cursos/...', Array)
#5 C:\\xampp\\htdocs\\IPUIE\\IPUIE_NEW\\ipuie_back\\vendor\\laravel\\framework\\src\\Illuminate\\Routing\\Router.php(445): Illuminate\\Routing\\Router->createRoute(Array, 'mis_cursos/{id_...', Array)
#6 C:\\xampp\\htdocs\\IPUIE\\IPUIE_NEW\\ipuie_back\\vendor\\laravel\\framework\\src\\Illuminate\\Routing\\Router.php(144): Illuminate\\Routing\\Router->addRoute(Array, 'mis_cursos/{id_...', 'CursosControlle...')
#7 C:\\xampp\\htdocs\\IPUIE\\IPUIE_NEW\\ipuie_back\\vendor\\laravel\\framework\\src\\Illuminate\\Support\\Facades\\Facade.php(239): Illuminate\\Routing\\Router->get('mis_cursos/{id_...', 'CursosControlle...')
#8 C:\\xampp\\htdocs\\IPUIE\\IPUIE_NEW\\ipuie_back\outes\\api.php(27): Illuminate\\Support\\Facades\\Facade::__callStatic('get', Array)
#9 C:\\xampp\\htdocs\\IPUIE\\IPUIE_NEW\\ipuie_back\\vendor\\laravel\\framework\\src\\Illuminate\\Routing\\Router.php(413): Illuminate\\Routing\\RouteFileRegistrar->{closure}(Object(Illuminate\\Routing\\Router))
#10 C:\\xampp\\htdocs\\IPUIE\\IPUIE_NEW\\ipuie_back\\vendor\\laravel\\framework\\src\\Illuminate\\Routing\\Router.php(373): Illuminate\\Routing\\Router->loadRoutes(Object(Closure))
#11 C:\\xampp\\htdocs\\IPUIE\\IPUIE_NEW\\ipuie_back\\vendor\\laravel\\framework\\src\\Illuminate\\Support\\Facades\\Facade.php(239): Illuminate\\Routing\\Router->group(Array, Object(Closure))
#12 C:\\xampp\\htdocs\\IPUIE\\IPUIE_NEW\\ipuie_back\outes\\api.php(103): Illuminate\\Support\\Facades\\Facade::__callStatic('group', Array)
#13 C:\\xampp\\htdocs\\IPUIE\\IPUIE_NEW\\ipuie_back\\vendor\\laravel\\framework\\src\\Illuminate\\Routing\\RouteFileRegistrar.php(35): require('C:\\\\xampp\\\\htdocs...')
#14 C:\\xampp\\htdocs\\IPUIE\\IPUIE_NEW\\ipuie_back\\vendor\\laravel\\framework\\src\\Illuminate\\Routing\\Router.php(415): Illuminate\\Routing\\RouteFileRegistrar->register('C:\\\\xampp\\\\htdocs...')
#15 C:\\xampp\\htdocs\\IPUIE\\IPUIE_NEW\\ipuie_back\\vendor\\laravel\\framework\\src\\Illuminate\\Routing\\Router.php(373): Illuminate\\Routing\\Router->loadRoutes('C:\\\\xampp\\\\htdocs...')
#16 C:\\xampp\\htdocs\\IPUIE\\IPUIE_NEW\\ipuie_back\\vendor\\laravel\\framework\\src\\Illuminate\\Routing\\RouteRegistrar.php(121): Illuminate\\Routing\\Router->group(Array, 'C:\\\\xampp\\\\htdocs...')
#17 C:\\xampp\\htdocs\\IPUIE\\IPUIE_NEW\\ipuie_back\\app\\Providers\\RouteServiceProvider.php(71): Illuminate\\Routing\\RouteRegistrar->group('C:\\\\xampp\\\\htdocs...')
#18 C:\\xampp\\htdocs\\IPUIE\\IPUIE_NEW\\ipuie_back\\app\\Providers\\RouteServiceProvider.php(38): App\\Providers\\RouteServiceProvider->mapApiRoutes()
#19 [internal function]: App\\Providers\\RouteServiceProvider->map()
#20 C:\\xampp\\htdocs\\IPUIE\\IPUIE_NEW\\ipuie_back\\vendor\\laravel\\framework\\src\\Illuminate\\Container\\BoundMethod.php(32): call_user_func_array(Array, Array)
#21 C:\\xampp\\htdocs\\IPUIE\\IPUIE_NEW\\ipuie_back\\vendor\\laravel\\framework\\src\\Illuminate\\Container\\BoundMethod.php(90): Illuminate\\Container\\BoundMethod::Illuminate\\Container\\{closure}()
#22 C:\\xampp\\htdocs\\IPUIE\\IPUIE_NEW\\ipuie_back\\vendor\\laravel\\framework\\src\\Illuminate\\Container\\BoundMethod.php(34): Illuminate\\Container\\BoundMethod::callBoundMethod(Object(Illuminate\\Foundation\\Application), Array, Object(Closure))
#23 C:\\xampp\\htdocs\\IPUIE\\IPUIE_NEW\\ipuie_back\\vendor\\laravel\\framework\\src\\Illuminate\\Container\\Container.php(576): Illuminate\\Container\\BoundMethod::call(Object(Illuminate\\Foundation\\Application), Array, Array, NULL)
#24 C:\\xampp\\htdocs\\IPUIE\\IPUIE_NEW\\ipuie_back\\vendor\\laravel\\framework\\src\\Illuminate\\Foundation\\Support\\Providers\\RouteServiceProvider.php(87): Illuminate\\Container\\Container->call(Array)
#25 C:\\xampp\\htdocs\\IPUIE\\IPUIE_NEW\\ipuie_back\\vendor\\laravel\\framework\\src\\Illuminate\\Foundation\\Support\\Providers\\RouteServiceProvider.php(36): Illuminate\\Foundation\\Support\\Providers\\RouteServiceProvider->loadRoutes()
#26 C:\\xampp\\htdocs\\IPUIE\\IPUIE_NEW\\ipuie_back\\app\\Providers\\RouteServiceProvider.php(28): Illuminate\\Foundation\\Support\\Providers\\RouteServiceProvider->boot()
#27 [internal function]: App\\Providers\\RouteServiceProvider->boot()
#28 C:\\xampp\\htdocs\\IPUIE\\IPUIE_NEW\\ipuie_back\\vendor\\laravel\\framework\\src\\Illuminate\\Container\\BoundMethod.php(32): call_user_func_array(Array, Array)
#29 C:\\xampp\\htdocs\\IPUIE\\IPUIE_NEW\\ipuie_back\\vendor\\laravel\\framework\\src\\Illuminate\\Container\\BoundMethod.php(90): Illuminate\\Container\\BoundMethod::Illuminate\\Container\\{closure}()
#30 C:\\xampp\\htdocs\\IPUIE\\IPUIE_NEW\\ipuie_back\\vendor\\laravel\\framework\\src\\Illuminate\\Container\\BoundMethod.php(34): Illuminate\\Container\\BoundMethod::callBoundMethod(Object(Illuminate\\Foundation\\Application), Array, Object(Closure))
#31 C:\\xampp\\htdocs\\IPUIE\\IPUIE_NEW\\ipuie_back\\vendor\\laravel\\framework\\src\\Illuminate\\Container\\Container.php(576): Illuminate\\Container\\BoundMethod::call(Object(Illuminate\\Foundation\\Application), Array, Array, NULL)
#32 C:\\xampp\\htdocs\\IPUIE\\IPUIE_NEW\\ipuie_back\\vendor\\laravel\\framework\\src\\Illuminate\\Foundation\\Application.php(827): Illuminate\\Container\\Container->call(Array)
#33 C:\\xampp\\htdocs\\IPUIE\\IPUIE_NEW\\ipuie_back\\vendor\\laravel\\framework\\src\\Illuminate\\Foundation\\Application.php(810): Illuminate\\Foundation\\Application->bootProvider(Object(App\\Providers\\RouteServiceProvider))
#34 [internal function]: Illuminate\\Foundation\\Application->Illuminate\\Foundation\\{closure}(Object(App\\Providers\\RouteServiceProvider), 23)
#35 C:\\xampp\\htdocs\\IPUIE\\IPUIE_NEW\\ipuie_back\\vendor\\laravel\\framework\\src\\Illuminate\\Foundation\\Application.php(811): array_walk(Array, Object(Closure))
#36 C:\\xampp\\htdocs\\IPUIE\\IPUIE_NEW\\ipuie_back\\vendor\\laravel\\framework\\src\\Illuminate\\Foundation\\Bootstrap\\BootProviders.php(17): Illuminate\\Foundation\\Application->boot()
#37 C:\\xampp\\htdocs\\IPUIE\\IPUIE_NEW\\ipuie_back\\vendor\\laravel\\framework\\src\\Illuminate\\Foundation\\Application.php(210): Illuminate\\Foundation\\Bootstrap\\BootProviders->bootstrap(Object(Illuminate\\Foundation\\Application))
#38 C:\\xampp\\htdocs\\IPUIE\\IPUIE_NEW\\ipuie_back\\vendor\\laravel\\framework\\src\\Illuminate\\Foundation\\Http\\Kernel.php(162): Illuminate\\Foundation\\Application->bootstrapWith(Array)
#39 C:\\xampp\\htdocs\\IPUIE\\IPUIE_NEW\\ipuie_back\\vendor\\laravel\\framework\\src\\Illuminate\\Foundation\\Http\\Kernel.php(146): Illuminate\\Foundation\\Http\\Kernel->bootstrap()
#40 C:\\xampp\\htdocs\\IPUIE\\IPUIE_NEW\\ipuie_back\\vendor\\laravel\\framework\\src\\Illuminate\\Foundation\\Http\\Kernel.php(116): Illuminate\\Foundation\\Http\\Kernel->sendRequestThroughRouter(Object(Illuminate\\Http\\Request))
#41 C:\\xampp\\htdocs\\IPUIE\\IPUIE_NEW\\ipuie_back\\public\\index.php(55): Illuminate\\Foundation\\Http\\Kernel->handle(Object(Illuminate\\Http\\Request))
#42 C:\\xampp\\htdocs\\IPUIE\\IPUIE_NEW\\ipuie_back\\server.php(21): require_once('C:\\\\xampp\\\\htdocs...')
#43 {main}
"} 
[2022-06-09 22:59:00] production.ERROR: Invalid route action: [App\Http\Controllers\CursosController]. {"exception":"[object] (UnexpectedValueException(code: 0): Invalid route action: [App\\Http\\Controllers\\CursosController]. at C:\\xampp\\htdocs\\IPUIE\\IPUIE_NEW\\ipuie_back\\vendor\\laravel\\framework\\src\\Illuminate\\Routing\\RouteAction.php:89)
[stacktrace]
#0 C:\\xampp\\htdocs\\IPUIE\\IPUIE_NEW\\ipuie_back\\vendor\\laravel\\framework\\src\\Illuminate\\Routing\\RouteAction.php(46): Illuminate\\Routing\\RouteAction::makeInvokable('App\\\\Http\\\\Contro...')
#1 C:\\xampp\\htdocs\\IPUIE\\IPUIE_NEW\\ipuie_back\\vendor\\laravel\\framework\\src\\Illuminate\\Routing\\Route.php(162): Illuminate\\Routing\\RouteAction::parse('api/mis_cursos/...', Array)
#2 C:\\xampp\\htdocs\\IPUIE\\IPUIE_NEW\\ipuie_back\\vendor\\laravel\\framework\\src\\Illuminate\\Routing\\Route.php(141): Illuminate\\Routing\\Route->parseAction(Array)
#3 C:\\xampp\\htdocs\\IPUIE\\IPUIE_NEW\\ipuie_back\\vendor\\laravel\\framework\\src\\Illuminate\\Routing\\Router.php(547): Illuminate\\Routing\\Route->__construct(Array, 'api/mis_cursos/...', Array)
#4 C:\\xampp\\htdocs\\IPUIE\\IPUIE_NEW\\ipuie_back\\vendor\\laravel\\framework\\src\\Illuminate\\Routing\\Router.php(466): Illuminate\\Routing\\Router->newRoute(Array, 'api/mis_cursos/...', Array)
#5 C:\\xampp\\htdocs\\IPUIE\\IPUIE_NEW\\ipuie_back\\vendor\\laravel\\framework\\src\\Illuminate\\Routing\\Router.php(445): Illuminate\\Routing\\Router->createRoute(Array, 'mis_cursos/{id_...', Array)
#6 C:\\xampp\\htdocs\\IPUIE\\IPUIE_NEW\\ipuie_back\\vendor\\laravel\\framework\\src\\Illuminate\\Routing\\Router.php(144): Illuminate\\Routing\\Router->addRoute(Array, 'mis_cursos/{id_...', 'CursosControlle...')
#7 C:\\xampp\\htdocs\\IPUIE\\IPUIE_NEW\\ipuie_back\\vendor\\laravel\\framework\\src\\Illuminate\\Support\\Facades\\Facade.php(239): Illuminate\\Routing\\Router->get('mis_cursos/{id_...', 'CursosControlle...')
#8 C:\\xampp\\htdocs\\IPUIE\\IPUIE_NEW\\ipuie_back\outes\\api.php(27): Illuminate\\Support\\Facades\\Facade::__callStatic('get', Array)
#9 C:\\xampp\\htdocs\\IPUIE\\IPUIE_NEW\\ipuie_back\\vendor\\laravel\\framework\\src\\Illuminate\\Routing\\Router.php(413): Illuminate\\Routing\\RouteFileRegistrar->{closure}(Object(Illuminate\\Routing\\Router))
#10 C:\\xampp\\htdocs\\IPUIE\\IPUIE_NEW\\ipuie_back\\vendor\\laravel\\framework\\src\\Illuminate\\Routing\\Router.php(373): Illuminate\\Routing\\Router->loadRoutes(Object(Closure))
#11 C:\\xampp\\htdocs\\IPUIE\\IPUIE_NEW\\ipuie_back\\vendor\\laravel\\framework\\src\\Illuminate\\Support\\Facades\\Facade.php(239): Illuminate\\Routing\\Router->group(Array, Object(Closure))
#12 C:\\xampp\\htdocs\\IPUIE\\IPUIE_NEW\\ipuie_back\outes\\api.php(103): Illuminate\\Support\\Facades\\Facade::__callStatic('group', Array)
#13 C:\\xampp\\htdocs\\IPUIE\\IPUIE_NEW\\ipuie_back\\vendor\\laravel\\framework\\src\\Illuminate\\Routing\\RouteFileRegistrar.php(35): require('C:\\\\xampp\\\\htdocs...')
#14 C:\\xampp\\htdocs\\IPUIE\\IPUIE_NEW\\ipuie_back\\vendor\\laravel\\framework\\src\\Illuminate\\Routing\\Router.php(415): Illuminate\\Routing\\RouteFileRegistrar->register('C:\\\\xampp\\\\htdocs...')
#15 C:\\xampp\\htdocs\\IPUIE\\IPUIE_NEW\\ipuie_back\\vendor\\laravel\\framework\\src\\Illuminate\\Routing\\Router.php(373): Illuminate\\Routing\\Router->loadRoutes('C:\\\\xampp\\\\htdocs...')
#16 C:\\xampp\\htdocs\\IPUIE\\IPUIE_NEW\\ipuie_back\\vendor\\laravel\\framework\\src\\Illuminate\\Routing\\RouteRegistrar.php(121): Illuminate\\Routing\\Router->group(Array, 'C:\\\\xampp\\\\htdocs...')
#17 C:\\xampp\\htdocs\\IPUIE\\IPUIE_NEW\\ipuie_back\\app\\Providers\\RouteServiceProvider.php(71): Illuminate\\Routing\\RouteRegistrar->group('C:\\\\xampp\\\\htdocs...')
#18 C:\\xampp\\htdocs\\IPUIE\\IPUIE_NEW\\ipuie_back\\app\\Providers\\RouteServiceProvider.php(38): App\\Providers\\RouteServiceProvider->mapApiRoutes()
#19 [internal function]: App\\Providers\\RouteServiceProvider->map()
#20 C:\\xampp\\htdocs\\IPUIE\\IPUIE_NEW\\ipuie_back\\vendor\\laravel\\framework\\src\\Illuminate\\Container\\BoundMethod.php(32): call_user_func_array(Array, Array)
#21 C:\\xampp\\htdocs\\IPUIE\\IPUIE_NEW\\ipuie_back\\vendor\\laravel\\framework\\src\\Illuminate\\Container\\BoundMethod.php(90): Illuminate\\Container\\BoundMethod::Illuminate\\Container\\{closure}()
#22 C:\\xampp\\htdocs\\IPUIE\\IPUIE_NEW\\ipuie_back\\vendor\\laravel\\framework\\src\\Illuminate\\Container\\BoundMethod.php(34): Illuminate\\Container\\BoundMethod::callBoundMethod(Object(Illuminate\\Foundation\\Application), Array, Object(Closure))
#23 C:\\xampp\\htdocs\\IPUIE\\IPUIE_NEW\\ipuie_back\\vendor\\laravel\\framework\\src\\Illuminate\\Container\\Container.php(576): Illuminate\\Container\\BoundMethod::call(Object(Illuminate\\Foundation\\Application), Array, Array, NULL)
#24 C:\\xampp\\htdocs\\IPUIE\\IPUIE_NEW\\ipuie_back\\vendor\\laravel\\framework\\src\\Illuminate\\Foundation\\Support\\Providers\\RouteServiceProvider.php(87): Illuminate\\Container\\Container->call(Array)
#25 C:\\xampp\\htdocs\\IPUIE\\IPUIE_NEW\\ipuie_back\\vendor\\laravel\\framework\\src\\Illuminate\\Foundation\\Support\\Providers\\RouteServiceProvider.php(36): Illuminate\\Foundation\\Support\\Providers\\RouteServiceProvider->loadRoutes()
#26 C:\\xampp\\htdocs\\IPUIE\\IPUIE_NEW\\ipuie_back\\app\\Providers\\RouteServiceProvider.php(28): Illuminate\\Foundation\\Support\\Providers\\RouteServiceProvider->boot()
#27 [internal function]: App\\Providers\\RouteServiceProvider->boot()
#28 C:\\xampp\\htdocs\\IPUIE\\IPUIE_NEW\\ipuie_back\\vendor\\laravel\\framework\\src\\Illuminate\\Container\\BoundMethod.php(32): call_user_func_array(Array, Array)
#29 C:\\xampp\\htdocs\\IPUIE\\IPUIE_NEW\\ipuie_back\\vendor\\laravel\\framework\\src\\Illuminate\\Container\\BoundMethod.php(90): Illuminate\\Container\\BoundMethod::Illuminate\\Container\\{closure}()
#30 C:\\xampp\\htdocs\\IPUIE\\IPUIE_NEW\\ipuie_back\\vendor\\laravel\\framework\\src\\Illuminate\\Container\\BoundMethod.php(34): Illuminate\\Container\\BoundMethod::callBoundMethod(Object(Illuminate\\Foundation\\Application), Array, Object(Closure))
#31 C:\\xampp\\htdocs\\IPUIE\\IPUIE_NEW\\ipuie_back\\vendor\\laravel\\framework\\src\\Illuminate\\Container\\Container.php(576): Illuminate\\Container\\BoundMethod::call(Object(Illuminate\\Foundation\\Application), Array, Array, NULL)
#32 C:\\xampp\\htdocs\\IPUIE\\IPUIE_NEW\\ipuie_back\\vendor\\laravel\\framework\\src\\Illuminate\\Foundation\\Application.php(827): Illuminate\\Container\\Container->call(Array)
#33 C:\\xampp\\htdocs\\IPUIE\\IPUIE_NEW\\ipuie_back\\vendor\\laravel\\framework\\src\\Illuminate\\Foundation\\Application.php(810): Illuminate\\Foundation\\Application->bootProvider(Object(App\\Providers\\RouteServiceProvider))
#34 [internal function]: Illuminate\\Foundation\\Application->Illuminate\\Foundation\\{closure}(Object(App\\Providers\\RouteServiceProvider), 23)
#35 C:\\xampp\\htdocs\\IPUIE\\IPUIE_NEW\\ipuie_back\\vendor\\laravel\\framework\\src\\Illuminate\\Foundation\\Application.php(811): array_walk(Array, Object(Closure))
#36 C:\\xampp\\htdocs\\IPUIE\\IPUIE_NEW\\ipuie_back\\vendor\\laravel\\framework\\src\\Illuminate\\Foundation\\Bootstrap\\BootProviders.php(17): Illuminate\\Foundation\\Application->boot()
#37 C:\\xampp\\htdocs\\IPUIE\\IPUIE_NEW\\ipuie_back\\vendor\\laravel\\framework\\src\\Illuminate\\Foundation\\Application.php(210): Illuminate\\Foundation\\Bootstrap\\BootProviders->bootstrap(Object(Illuminate\\Foundation\\Application))
#38 C:\\xampp\\htdocs\\IPUIE\\IPUIE_NEW\\ipuie_back\\vendor\\laravel\\framework\\src\\Illuminate\\Foundation\\Http\\Kernel.php(162): Illuminate\\Foundation\\Application->bootstrapWith(Array)
#39 C:\\xampp\\htdocs\\IPUIE\\IPUIE_NEW\\ipuie_back\\vendor\\laravel\\framework\\src\\Illuminate\\Foundation\\Http\\Kernel.php(146): Illuminate\\Foundation\\Http\\Kernel->bootstrap()
#40 C:\\xampp\\htdocs\\IPUIE\\IPUIE_NEW\\ipuie_back\\vendor\\laravel\\framework\\src\\Illuminate\\Foundation\\Http\\Kernel.php(116): Illuminate\\Foundation\\Http\\Kernel->sendRequestThroughRouter(Object(Illuminate\\Http\\Request))
#41 C:\\xampp\\htdocs\\IPUIE\\IPUIE_NEW\\ipuie_back\\public\\index.php(55): Illuminate\\Foundation\\Http\\Kernel->handle(Object(Illuminate\\Http\\Request))
#42 C:\\xampp\\htdocs\\IPUIE\\IPUIE_NEW\\ipuie_back\\server.php(21): require_once('C:\\\\xampp\\\\htdocs...')
#43 {main}
"} 
[2022-06-09 22:59:15] production.ERROR: Invalid route action: [App\Http\Controllers\CursosController]. {"exception":"[object] (UnexpectedValueException(code: 0): Invalid route action: [App\\Http\\Controllers\\CursosController]. at C:\\xampp\\htdocs\\IPUIE\\IPUIE_NEW\\ipuie_back\\vendor\\laravel\\framework\\src\\Illuminate\\Routing\\RouteAction.php:89)
[stacktrace]
#0 C:\\xampp\\htdocs\\IPUIE\\IPUIE_NEW\\ipuie_back\\vendor\\laravel\\framework\\src\\Illuminate\\Routing\\RouteAction.php(46): Illuminate\\Routing\\RouteAction::makeInvokable('App\\\\Http\\\\Contro...')
#1 C:\\xampp\\htdocs\\IPUIE\\IPUIE_NEW\\ipuie_back\\vendor\\laravel\\framework\\src\\Illuminate\\Routing\\Route.php(162): Illuminate\\Routing\\RouteAction::parse('api/mis_cursos/...', Array)
#2 C:\\xampp\\htdocs\\IPUIE\\IPUIE_NEW\\ipuie_back\\vendor\\laravel\\framework\\src\\Illuminate\\Routing\\Route.php(141): Illuminate\\Routing\\Route->parseAction(Array)
#3 C:\\xampp\\htdocs\\IPUIE\\IPUIE_NEW\\ipuie_back\\vendor\\laravel\\framework\\src\\Illuminate\\Routing\\Router.php(547): Illuminate\\Routing\\Route->__construct(Array, 'api/mis_cursos/...', Array)
#4 C:\\xampp\\htdocs\\IPUIE\\IPUIE_NEW\\ipuie_back\\vendor\\laravel\\framework\\src\\Illuminate\\Routing\\Router.php(466): Illuminate\\Routing\\Router->newRoute(Array, 'api/mis_cursos/...', Array)
#5 C:\\xampp\\htdocs\\IPUIE\\IPUIE_NEW\\ipuie_back\\vendor\\laravel\\framework\\src\\Illuminate\\Routing\\Router.php(445): Illuminate\\Routing\\Router->createRoute(Array, 'mis_cursos/{id_...', Array)
#6 C:\\xampp\\htdocs\\IPUIE\\IPUIE_NEW\\ipuie_back\\vendor\\laravel\\framework\\src\\Illuminate\\Routing\\Router.php(144): Illuminate\\Routing\\Router->addRoute(Array, 'mis_cursos/{id_...', 'CursosControlle...')
#7 C:\\xampp\\htdocs\\IPUIE\\IPUIE_NEW\\ipuie_back\\vendor\\laravel\\framework\\src\\Illuminate\\Support\\Facades\\Facade.php(239): Illuminate\\Routing\\Router->get('mis_cursos/{id_...', 'CursosControlle...')
#8 C:\\xampp\\htdocs\\IPUIE\\IPUIE_NEW\\ipuie_back\outes\\api.php(27): Illuminate\\Support\\Facades\\Facade::__callStatic('get', Array)
#9 C:\\xampp\\htdocs\\IPUIE\\IPUIE_NEW\\ipuie_back\\vendor\\laravel\\framework\\src\\Illuminate\\Routing\\Router.php(413): Illuminate\\Routing\\RouteFileRegistrar->{closure}(Object(Illuminate\\Routing\\Router))
#10 C:\\xampp\\htdocs\\IPUIE\\IPUIE_NEW\\ipuie_back\\vendor\\laravel\\framework\\src\\Illuminate\\Routing\\Router.php(373): Illuminate\\Routing\\Router->loadRoutes(Object(Closure))
#11 C:\\xampp\\htdocs\\IPUIE\\IPUIE_NEW\\ipuie_back\\vendor\\laravel\\framework\\src\\Illuminate\\Support\\Facades\\Facade.php(239): Illuminate\\Routing\\Router->group(Array, Object(Closure))
#12 C:\\xampp\\htdocs\\IPUIE\\IPUIE_NEW\\ipuie_back\outes\\api.php(103): Illuminate\\Support\\Facades\\Facade::__callStatic('group', Array)
#13 C:\\xampp\\htdocs\\IPUIE\\IPUIE_NEW\\ipuie_back\\vendor\\laravel\\framework\\src\\Illuminate\\Routing\\RouteFileRegistrar.php(35): require('C:\\\\xampp\\\\htdocs...')
#14 C:\\xampp\\htdocs\\IPUIE\\IPUIE_NEW\\ipuie_back\\vendor\\laravel\\framework\\src\\Illuminate\\Routing\\Router.php(415): Illuminate\\Routing\\RouteFileRegistrar->register('C:\\\\xampp\\\\htdocs...')
#15 C:\\xampp\\htdocs\\IPUIE\\IPUIE_NEW\\ipuie_back\\vendor\\laravel\\framework\\src\\Illuminate\\Routing\\Router.php(373): Illuminate\\Routing\\Router->loadRoutes('C:\\\\xampp\\\\htdocs...')
#16 C:\\xampp\\htdocs\\IPUIE\\IPUIE_NEW\\ipuie_back\\vendor\\laravel\\framework\\src\\Illuminate\\Routing\\RouteRegistrar.php(121): Illuminate\\Routing\\Router->group(Array, 'C:\\\\xampp\\\\htdocs...')
#17 C:\\xampp\\htdocs\\IPUIE\\IPUIE_NEW\\ipuie_back\\app\\Providers\\RouteServiceProvider.php(71): Illuminate\\Routing\\RouteRegistrar->group('C:\\\\xampp\\\\htdocs...')
#18 C:\\xampp\\htdocs\\IPUIE\\IPUIE_NEW\\ipuie_back\\app\\Providers\\RouteServiceProvider.php(38): App\\Providers\\RouteServiceProvider->mapApiRoutes()
#19 [internal function]: App\\Providers\\RouteServiceProvider->map()
#20 C:\\xampp\\htdocs\\IPUIE\\IPUIE_NEW\\ipuie_back\\vendor\\laravel\\framework\\src\\Illuminate\\Container\\BoundMethod.php(32): call_user_func_array(Array, Array)
#21 C:\\xampp\\htdocs\\IPUIE\\IPUIE_NEW\\ipuie_back\\vendor\\laravel\\framework\\src\\Illuminate\\Container\\BoundMethod.php(90): Illuminate\\Container\\BoundMethod::Illuminate\\Container\\{closure}()
#22 C:\\xampp\\htdocs\\IPUIE\\IPUIE_NEW\\ipuie_back\\vendor\\laravel\\framework\\src\\Illuminate\\Container\\BoundMethod.php(34): Illuminate\\Container\\BoundMethod::callBoundMethod(Object(Illuminate\\Foundation\\Application), Array, Object(Closure))
#23 C:\\xampp\\htdocs\\IPUIE\\IPUIE_NEW\\ipuie_back\\vendor\\laravel\\framework\\src\\Illuminate\\Container\\Container.php(576): Illuminate\\Container\\BoundMethod::call(Object(Illuminate\\Foundation\\Application), Array, Array, NULL)
#24 C:\\xampp\\htdocs\\IPUIE\\IPUIE_NEW\\ipuie_back\\vendor\\laravel\\framework\\src\\Illuminate\\Foundation\\Support\\Providers\\RouteServiceProvider.php(87): Illuminate\\Container\\Container->call(Array)
#25 C:\\xampp\\htdocs\\IPUIE\\IPUIE_NEW\\ipuie_back\\vendor\\laravel\\framework\\src\\Illuminate\\Foundation\\Support\\Providers\\RouteServiceProvider.php(36): Illuminate\\Foundation\\Support\\Providers\\RouteServiceProvider->loadRoutes()
#26 C:\\xampp\\htdocs\\IPUIE\\IPUIE_NEW\\ipuie_back\\app\\Providers\\RouteServiceProvider.php(28): Illuminate\\Foundation\\Support\\Providers\\RouteServiceProvider->boot()
#27 [internal function]: App\\Providers\\RouteServiceProvider->boot()
#28 C:\\xampp\\htdocs\\IPUIE\\IPUIE_NEW\\ipuie_back\\vendor\\laravel\\framework\\src\\Illuminate\\Container\\BoundMethod.php(32): call_user_func_array(Array, Array)
#29 C:\\xampp\\htdocs\\IPUIE\\IPUIE_NEW\\ipuie_back\\vendor\\laravel\\framework\\src\\Illuminate\\Container\\BoundMethod.php(90): Illuminate\\Container\\BoundMethod::Illuminate\\Container\\{closure}()
#30 C:\\xampp\\htdocs\\IPUIE\\IPUIE_NEW\\ipuie_back\\vendor\\laravel\\framework\\src\\Illuminate\\Container\\BoundMethod.php(34): Illuminate\\Container\\BoundMethod::callBoundMethod(Object(Illuminate\\Foundation\\Application), Array, Object(Closure))
#31 C:\\xampp\\htdocs\\IPUIE\\IPUIE_NEW\\ipuie_back\\vendor\\laravel\\framework\\src\\Illuminate\\Container\\Container.php(576): Illuminate\\Container\\BoundMethod::call(Object(Illuminate\\Foundation\\Application), Array, Array, NULL)
#32 C:\\xampp\\htdocs\\IPUIE\\IPUIE_NEW\\ipuie_back\\vendor\\laravel\\framework\\src\\Illuminate\\Foundation\\Application.php(827): Illuminate\\Container\\Container->call(Array)
#33 C:\\xampp\\htdocs\\IPUIE\\IPUIE_NEW\\ipuie_back\\vendor\\laravel\\framework\\src\\Illuminate\\Foundation\\Application.php(810): Illuminate\\Foundation\\Application->bootProvider(Object(App\\Providers\\RouteServiceProvider))
#34 [internal function]: Illuminate\\Foundation\\Application->Illuminate\\Foundation\\{closure}(Object(App\\Providers\\RouteServiceProvider), 23)
#35 C:\\xampp\\htdocs\\IPUIE\\IPUIE_NEW\\ipuie_back\\vendor\\laravel\\framework\\src\\Illuminate\\Foundation\\Application.php(811): array_walk(Array, Object(Closure))
#36 C:\\xampp\\htdocs\\IPUIE\\IPUIE_NEW\\ipuie_back\\vendor\\laravel\\framework\\src\\Illuminate\\Foundation\\Bootstrap\\BootProviders.php(17): Illuminate\\Foundation\\Application->boot()
#37 C:\\xampp\\htdocs\\IPUIE\\IPUIE_NEW\\ipuie_back\\vendor\\laravel\\framework\\src\\Illuminate\\Foundation\\Application.php(210): Illuminate\\Foundation\\Bootstrap\\BootProviders->bootstrap(Object(Illuminate\\Foundation\\Application))
#38 C:\\xampp\\htdocs\\IPUIE\\IPUIE_NEW\\ipuie_back\\vendor\\laravel\\framework\\src\\Illuminate\\Foundation\\Http\\Kernel.php(162): Illuminate\\Foundation\\Application->bootstrapWith(Array)
#39 C:\\xampp\\htdocs\\IPUIE\\IPUIE_NEW\\ipuie_back\\vendor\\laravel\\framework\\src\\Illuminate\\Foundation\\Http\\Kernel.php(146): Illuminate\\Foundation\\Http\\Kernel->bootstrap()
#40 C:\\xampp\\htdocs\\IPUIE\\IPUIE_NEW\\ipuie_back\\vendor\\laravel\\framework\\src\\Illuminate\\Foundation\\Http\\Kernel.php(116): Illuminate\\Foundation\\Http\\Kernel->sendRequestThroughRouter(Object(Illuminate\\Http\\Request))
#41 C:\\xampp\\htdocs\\IPUIE\\IPUIE_NEW\\ipuie_back\\public\\index.php(55): Illuminate\\Foundation\\Http\\Kernel->handle(Object(Illuminate\\Http\\Request))
#42 C:\\xampp\\htdocs\\IPUIE\\IPUIE_NEW\\ipuie_back\\server.php(21): require_once('C:\\\\xampp\\\\htdocs...')
#43 {main}
"} 
[2022-06-09 22:59:54] production.ERROR: Invalid route action: [App\Http\Controllers\CursosController]. {"exception":"[object] (UnexpectedValueException(code: 0): Invalid route action: [App\\Http\\Controllers\\CursosController]. at C:\\xampp\\htdocs\\IPUIE\\IPUIE_NEW\\ipuie_back\\vendor\\laravel\\framework\\src\\Illuminate\\Routing\\RouteAction.php:89)
[stacktrace]
#0 C:\\xampp\\htdocs\\IPUIE\\IPUIE_NEW\\ipuie_back\\vendor\\laravel\\framework\\src\\Illuminate\\Routing\\RouteAction.php(46): Illuminate\\Routing\\RouteAction::makeInvokable('App\\\\Http\\\\Contro...')
#1 C:\\xampp\\htdocs\\IPUIE\\IPUIE_NEW\\ipuie_back\\vendor\\laravel\\framework\\src\\Illuminate\\Routing\\Route.php(162): Illuminate\\Routing\\RouteAction::parse('api/mis_cursos/...', Array)
#2 C:\\xampp\\htdocs\\IPUIE\\IPUIE_NEW\\ipuie_back\\vendor\\laravel\\framework\\src\\Illuminate\\Routing\\Route.php(141): Illuminate\\Routing\\Route->parseAction(Array)
#3 C:\\xampp\\htdocs\\IPUIE\\IPUIE_NEW\\ipuie_back\\vendor\\laravel\\framework\\src\\Illuminate\\Routing\\Router.php(547): Illuminate\\Routing\\Route->__construct(Array, 'api/mis_cursos/...', Array)
#4 C:\\xampp\\htdocs\\IPUIE\\IPUIE_NEW\\ipuie_back\\vendor\\laravel\\framework\\src\\Illuminate\\Routing\\Router.php(466): Illuminate\\Routing\\Router->newRoute(Array, 'api/mis_cursos/...', Array)
#5 C:\\xampp\\htdocs\\IPUIE\\IPUIE_NEW\\ipuie_back\\vendor\\laravel\\framework\\src\\Illuminate\\Routing\\Router.php(445): Illuminate\\Routing\\Router->createRoute(Array, 'mis_cursos/{id_...', Array)
#6 C:\\xampp\\htdocs\\IPUIE\\IPUIE_NEW\\ipuie_back\\vendor\\laravel\\framework\\src\\Illuminate\\Routing\\Router.php(144): Illuminate\\Routing\\Router->addRoute(Array, 'mis_cursos/{id_...', 'CursosControlle...')
#7 C:\\xampp\\htdocs\\IPUIE\\IPUIE_NEW\\ipuie_back\\vendor\\laravel\\framework\\src\\Illuminate\\Support\\Facades\\Facade.php(239): Illuminate\\Routing\\Router->get('mis_cursos/{id_...', 'CursosControlle...')
#8 C:\\xampp\\htdocs\\IPUIE\\IPUIE_NEW\\ipuie_back\outes\\api.php(27): Illuminate\\Support\\Facades\\Facade::__callStatic('get', Array)
#9 C:\\xampp\\htdocs\\IPUIE\\IPUIE_NEW\\ipuie_back\\vendor\\laravel\\framework\\src\\Illuminate\\Routing\\Router.php(413): Illuminate\\Routing\\RouteFileRegistrar->{closure}(Object(Illuminate\\Routing\\Router))
#10 C:\\xampp\\htdocs\\IPUIE\\IPUIE_NEW\\ipuie_back\\vendor\\laravel\\framework\\src\\Illuminate\\Routing\\Router.php(373): Illuminate\\Routing\\Router->loadRoutes(Object(Closure))
#11 C:\\xampp\\htdocs\\IPUIE\\IPUIE_NEW\\ipuie_back\\vendor\\laravel\\framework\\src\\Illuminate\\Support\\Facades\\Facade.php(239): Illuminate\\Routing\\Router->group(Array, Object(Closure))
#12 C:\\xampp\\htdocs\\IPUIE\\IPUIE_NEW\\ipuie_back\outes\\api.php(103): Illuminate\\Support\\Facades\\Facade::__callStatic('group', Array)
#13 C:\\xampp\\htdocs\\IPUIE\\IPUIE_NEW\\ipuie_back\\vendor\\laravel\\framework\\src\\Illuminate\\Routing\\RouteFileRegistrar.php(35): require('C:\\\\xampp\\\\htdocs...')
#14 C:\\xampp\\htdocs\\IPUIE\\IPUIE_NEW\\ipuie_back\\vendor\\laravel\\framework\\src\\Illuminate\\Routing\\Router.php(415): Illuminate\\Routing\\RouteFileRegistrar->register('C:\\\\xampp\\\\htdocs...')
#15 C:\\xampp\\htdocs\\IPUIE\\IPUIE_NEW\\ipuie_back\\vendor\\laravel\\framework\\src\\Illuminate\\Routing\\Router.php(373): Illuminate\\Routing\\Router->loadRoutes('C:\\\\xampp\\\\htdocs...')
#16 C:\\xampp\\htdocs\\IPUIE\\IPUIE_NEW\\ipuie_back\\vendor\\laravel\\framework\\src\\Illuminate\\Routing\\RouteRegistrar.php(121): Illuminate\\Routing\\Router->group(Array, 'C:\\\\xampp\\\\htdocs...')
#17 C:\\xampp\\htdocs\\IPUIE\\IPUIE_NEW\\ipuie_back\\app\\Providers\\RouteServiceProvider.php(71): Illuminate\\Routing\\RouteRegistrar->group('C:\\\\xampp\\\\htdocs...')
#18 C:\\xampp\\htdocs\\IPUIE\\IPUIE_NEW\\ipuie_back\\app\\Providers\\RouteServiceProvider.php(38): App\\Providers\\RouteServiceProvider->mapApiRoutes()
#19 [internal function]: App\\Providers\\RouteServiceProvider->map()
#20 C:\\xampp\\htdocs\\IPUIE\\IPUIE_NEW\\ipuie_back\\vendor\\laravel\\framework\\src\\Illuminate\\Container\\BoundMethod.php(32): call_user_func_array(Array, Array)
#21 C:\\xampp\\htdocs\\IPUIE\\IPUIE_NEW\\ipuie_back\\vendor\\laravel\\framework\\src\\Illuminate\\Container\\BoundMethod.php(90): Illuminate\\Container\\BoundMethod::Illuminate\\Container\\{closure}()
#22 C:\\xampp\\htdocs\\IPUIE\\IPUIE_NEW\\ipuie_back\\vendor\\laravel\\framework\\src\\Illuminate\\Container\\BoundMethod.php(34): Illuminate\\Container\\BoundMethod::callBoundMethod(Object(Illuminate\\Foundation\\Application), Array, Object(Closure))
#23 C:\\xampp\\htdocs\\IPUIE\\IPUIE_NEW\\ipuie_back\\vendor\\laravel\\framework\\src\\Illuminate\\Container\\Container.php(576): Illuminate\\Container\\BoundMethod::call(Object(Illuminate\\Foundation\\Application), Array, Array, NULL)
#24 C:\\xampp\\htdocs\\IPUIE\\IPUIE_NEW\\ipuie_back\\vendor\\laravel\\framework\\src\\Illuminate\\Foundation\\Support\\Providers\\RouteServiceProvider.php(87): Illuminate\\Container\\Container->call(Array)
#25 C:\\xampp\\htdocs\\IPUIE\\IPUIE_NEW\\ipuie_back\\vendor\\laravel\\framework\\src\\Illuminate\\Foundation\\Support\\Providers\\RouteServiceProvider.php(36): Illuminate\\Foundation\\Support\\Providers\\RouteServiceProvider->loadRoutes()
#26 C:\\xampp\\htdocs\\IPUIE\\IPUIE_NEW\\ipuie_back\\app\\Providers\\RouteServiceProvider.php(28): Illuminate\\Foundation\\Support\\Providers\\RouteServiceProvider->boot()
#27 [internal function]: App\\Providers\\RouteServiceProvider->boot()
#28 C:\\xampp\\htdocs\\IPUIE\\IPUIE_NEW\\ipuie_back\\vendor\\laravel\\framework\\src\\Illuminate\\Container\\BoundMethod.php(32): call_user_func_array(Array, Array)
#29 C:\\xampp\\htdocs\\IPUIE\\IPUIE_NEW\\ipuie_back\\vendor\\laravel\\framework\\src\\Illuminate\\Container\\BoundMethod.php(90): Illuminate\\Container\\BoundMethod::Illuminate\\Container\\{closure}()
#30 C:\\xampp\\htdocs\\IPUIE\\IPUIE_NEW\\ipuie_back\\vendor\\laravel\\framework\\src\\Illuminate\\Container\\BoundMethod.php(34): Illuminate\\Container\\BoundMethod::callBoundMethod(Object(Illuminate\\Foundation\\Application), Array, Object(Closure))
#31 C:\\xampp\\htdocs\\IPUIE\\IPUIE_NEW\\ipuie_back\\vendor\\laravel\\framework\\src\\Illuminate\\Container\\Container.php(576): Illuminate\\Container\\BoundMethod::call(Object(Illuminate\\Foundation\\Application), Array, Array, NULL)
#32 C:\\xampp\\htdocs\\IPUIE\\IPUIE_NEW\\ipuie_back\\vendor\\laravel\\framework\\src\\Illuminate\\Foundation\\Application.php(827): Illuminate\\Container\\Container->call(Array)
#33 C:\\xampp\\htdocs\\IPUIE\\IPUIE_NEW\\ipuie_back\\vendor\\laravel\\framework\\src\\Illuminate\\Foundation\\Application.php(810): Illuminate\\Foundation\\Application->bootProvider(Object(App\\Providers\\RouteServiceProvider))
#34 [internal function]: Illuminate\\Foundation\\Application->Illuminate\\Foundation\\{closure}(Object(App\\Providers\\RouteServiceProvider), 23)
#35 C:\\xampp\\htdocs\\IPUIE\\IPUIE_NEW\\ipuie_back\\vendor\\laravel\\framework\\src\\Illuminate\\Foundation\\Application.php(811): array_walk(Array, Object(Closure))
#36 C:\\xampp\\htdocs\\IPUIE\\IPUIE_NEW\\ipuie_back\\vendor\\laravel\\framework\\src\\Illuminate\\Foundation\\Bootstrap\\BootProviders.php(17): Illuminate\\Foundation\\Application->boot()
#37 C:\\xampp\\htdocs\\IPUIE\\IPUIE_NEW\\ipuie_back\\vendor\\laravel\\framework\\src\\Illuminate\\Foundation\\Application.php(210): Illuminate\\Foundation\\Bootstrap\\BootProviders->bootstrap(Object(Illuminate\\Foundation\\Application))
#38 C:\\xampp\\htdocs\\IPUIE\\IPUIE_NEW\\ipuie_back\\vendor\\laravel\\framework\\src\\Illuminate\\Foundation\\Http\\Kernel.php(162): Illuminate\\Foundation\\Application->bootstrapWith(Array)
#39 C:\\xampp\\htdocs\\IPUIE\\IPUIE_NEW\\ipuie_back\\vendor\\laravel\\framework\\src\\Illuminate\\Foundation\\Http\\Kernel.php(146): Illuminate\\Foundation\\Http\\Kernel->bootstrap()
#40 C:\\xampp\\htdocs\\IPUIE\\IPUIE_NEW\\ipuie_back\\vendor\\laravel\\framework\\src\\Illuminate\\Foundation\\Http\\Kernel.php(116): Illuminate\\Foundation\\Http\\Kernel->sendRequestThroughRouter(Object(Illuminate\\Http\\Request))
#41 C:\\xampp\\htdocs\\IPUIE\\IPUIE_NEW\\ipuie_back\\public\\index.php(55): Illuminate\\Foundation\\Http\\Kernel->handle(Object(Illuminate\\Http\\Request))
#42 C:\\xampp\\htdocs\\IPUIE\\IPUIE_NEW\\ipuie_back\\server.php(21): require_once('C:\\\\xampp\\\\htdocs...')
#43 {main}
"} 
